<?xml version="1.0" encoding="UTF-8"?>
<testsuite xmlns:xsi="http://www.w3.org/2001/XMLSchema-instance" xsi:noNamespaceSchemaLocation="https://maven.apache.org/surefire/maven-surefire-plugin/xsd/surefire-test-report.xsd" version="3.0.2" name="com.pinnacle.dummyServlet.DummyServletApplicationTests" time="5.989" tests="1" errors="0" skipped="0" failures="0">
  <properties>
    <property name="java.specification.version" value="21"/>
    <property name="sun.cpu.isalist" value="amd64"/>
    <property name="sun.jnu.encoding" value="Cp1252"/>
    <property name="java.class.path" value="D:\PinnacleProject\dummyServlet\target\test-classes;D:\PinnacleProject\dummyServlet\target\classes;C:\Users\Naveen_Kumar\.m2\repository\org\springframework\boot\spring-boot-starter-web\3.5.4\spring-boot-starter-web-3.5.4.jar;C:\Users\Naveen_Kumar\.m2\repository\org\springframework\boot\spring-boot-starter\3.5.4\spring-boot-starter-3.5.4.jar;C:\Users\Naveen_Kumar\.m2\repository\org\springframework\boot\spring-boot\3.5.4\spring-boot-3.5.4.jar;C:\Users\Naveen_Kumar\.m2\repository\org\springframework\boot\spring-boot-autoconfigure\3.5.4\spring-boot-autoconfigure-3.5.4.jar;C:\Users\Naveen_Kumar\.m2\repository\jakarta\annotation\jakarta.annotation-api\2.1.1\jakarta.annotation-api-2.1.1.jar;C:\Users\Naveen_Kumar\.m2\repository\org\yaml\snakeyaml\2.4\snakeyaml-2.4.jar;C:\Users\Naveen_Kumar\.m2\repository\org\springframework\boot\spring-boot-starter-json\3.5.4\spring-boot-starter-json-3.5.4.jar;C:\Users\Naveen_Kumar\.m2\repository\com\fasterxml\jackson\datatype\jackson-datatype-jdk8\2.19.2\jackson-datatype-jdk8-2.19.2.jar;C:\Users\Naveen_Kumar\.m2\repository\com\fasterxml\jackson\module\jackson-module-parameter-names\2.19.2\jackson-module-parameter-names-2.19.2.jar;C:\Users\Naveen_Kumar\.m2\repository\org\springframework\boot\spring-boot-starter-tomcat\3.5.4\spring-boot-starter-tomcat-3.5.4.jar;C:\Users\Naveen_Kumar\.m2\repository\org\apache\tomcat\embed\tomcat-embed-core\10.1.43\tomcat-embed-core-10.1.43.jar;C:\Users\Naveen_Kumar\.m2\repository\org\apache\tomcat\embed\tomcat-embed-el\10.1.43\tomcat-embed-el-10.1.43.jar;C:\Users\Naveen_Kumar\.m2\repository\org\apache\tomcat\embed\tomcat-embed-websocket\10.1.43\tomcat-embed-websocket-10.1.43.jar;C:\Users\Naveen_Kumar\.m2\repository\org\springframework\spring-web\6.2.9\spring-web-6.2.9.jar;C:\Users\Naveen_Kumar\.m2\repository\org\springframework\spring-beans\6.2.9\spring-beans-6.2.9.jar;C:\Users\Naveen_Kumar\.m2\repository\io\micrometer\micrometer-observation\1.15.2\micrometer-observation-1.15.2.jar;C:\Users\Naveen_Kumar\.m2\repository\io\micrometer\micrometer-commons\1.15.2\micrometer-commons-1.15.2.jar;C:\Users\Naveen_Kumar\.m2\repository\org\springframework\spring-webmvc\6.2.9\spring-webmvc-6.2.9.jar;C:\Users\Naveen_Kumar\.m2\repository\org\springframework\spring-aop\6.2.9\spring-aop-6.2.9.jar;C:\Users\Naveen_Kumar\.m2\repository\org\springframework\spring-context\6.2.9\spring-context-6.2.9.jar;C:\Users\Naveen_Kumar\.m2\repository\org\springframework\spring-expression\6.2.9\spring-expression-6.2.9.jar;C:\Users\Naveen_Kumar\.m2\repository\org\springframework\boot\spring-boot-starter-logging\3.5.4\spring-boot-starter-logging-3.5.4.jar;C:\Users\Naveen_Kumar\.m2\repository\ch\qos\logback\logback-classic\1.5.18\logback-classic-1.5.18.jar;C:\Users\Naveen_Kumar\.m2\repository\ch\qos\logback\logback-core\1.5.18\logback-core-1.5.18.jar;C:\Users\Naveen_Kumar\.m2\repository\org\slf4j\slf4j-api\2.0.17\slf4j-api-2.0.17.jar;C:\Users\Naveen_Kumar\.m2\repository\org\apache\logging\log4j\log4j-to-slf4j\2.24.3\log4j-to-slf4j-2.24.3.jar;C:\Users\Naveen_Kumar\.m2\repository\org\apache\logging\log4j\log4j-api\2.24.3\log4j-api-2.24.3.jar;C:\Users\Naveen_Kumar\.m2\repository\org\slf4j\jul-to-slf4j\2.0.17\jul-to-slf4j-2.0.17.jar;C:\Users\Naveen_Kumar\.m2\repository\org\springframework\boot\spring-boot-starter-test\3.5.4\spring-boot-starter-test-3.5.4.jar;C:\Users\Naveen_Kumar\.m2\repository\org\springframework\boot\spring-boot-test\3.5.4\spring-boot-test-3.5.4.jar;C:\Users\Naveen_Kumar\.m2\repository\org\springframework\boot\spring-boot-test-autoconfigure\3.5.4\spring-boot-test-autoconfigure-3.5.4.jar;C:\Users\Naveen_Kumar\.m2\repository\com\jayway\jsonpath\json-path\2.9.0\json-path-2.9.0.jar;C:\Users\Naveen_Kumar\.m2\repository\jakarta\xml\bind\jakarta.xml.bind-api\4.0.2\jakarta.xml.bind-api-4.0.2.jar;C:\Users\Naveen_Kumar\.m2\repository\jakarta\activation\jakarta.activation-api\2.1.3\jakarta.activation-api-2.1.3.jar;C:\Users\Naveen_Kumar\.m2\repository\net\minidev\json-smart\2.5.2\json-smart-2.5.2.jar;C:\Users\Naveen_Kumar\.m2\repository\net\minidev\accessors-smart\2.5.2\accessors-smart-2.5.2.jar;C:\Users\Naveen_Kumar\.m2\repository\org\ow2\asm\asm\9.7.1\asm-9.7.1.jar;C:\Users\Naveen_Kumar\.m2\repository\org\assertj\assertj-core\3.27.3\assertj-core-3.27.3.jar;C:\Users\Naveen_Kumar\.m2\repository\org\awaitility\awaitility\4.2.2\awaitility-4.2.2.jar;C:\Users\Naveen_Kumar\.m2\repository\org\hamcrest\hamcrest\3.0\hamcrest-3.0.jar;C:\Users\Naveen_Kumar\.m2\repository\org\junit\jupiter\junit-jupiter\5.12.2\junit-jupiter-5.12.2.jar;C:\Users\Naveen_Kumar\.m2\repository\org\junit\jupiter\junit-jupiter-api\5.12.2\junit-jupiter-api-5.12.2.jar;C:\Users\Naveen_Kumar\.m2\repository\org\opentest4j\opentest4j\1.3.0\opentest4j-1.3.0.jar;C:\Users\Naveen_Kumar\.m2\repository\org\junit\platform\junit-platform-commons\1.12.2\junit-platform-commons-1.12.2.jar;C:\Users\Naveen_Kumar\.m2\repository\org\apiguardian\apiguardian-api\1.1.2\apiguardian-api-1.1.2.jar;C:\Users\Naveen_Kumar\.m2\repository\org\junit\jupiter\junit-jupiter-params\5.12.2\junit-jupiter-params-5.12.2.jar;C:\Users\Naveen_Kumar\.m2\repository\org\junit\jupiter\junit-jupiter-engine\5.12.2\junit-jupiter-engine-5.12.2.jar;C:\Users\Naveen_Kumar\.m2\repository\org\junit\platform\junit-platform-engine\1.12.2\junit-platform-engine-1.12.2.jar;C:\Users\Naveen_Kumar\.m2\repository\org\mockito\mockito-core\5.17.0\mockito-core-5.17.0.jar;C:\Users\Naveen_Kumar\.m2\repository\net\bytebuddy\byte-buddy-agent\1.17.6\byte-buddy-agent-1.17.6.jar;C:\Users\Naveen_Kumar\.m2\repository\org\objenesis\objenesis\3.3\objenesis-3.3.jar;C:\Users\Naveen_Kumar\.m2\repository\org\mockito\mockito-junit-jupiter\5.17.0\mockito-junit-jupiter-5.17.0.jar;C:\Users\Naveen_Kumar\.m2\repository\org\skyscreamer\jsonassert\1.5.3\jsonassert-1.5.3.jar;C:\Users\Naveen_Kumar\.m2\repository\com\vaadin\external\google\android-json\0.0.20131108.vaadin1\android-json-0.0.20131108.vaadin1.jar;C:\Users\Naveen_Kumar\.m2\repository\org\springframework\spring-core\6.2.9\spring-core-6.2.9.jar;C:\Users\Naveen_Kumar\.m2\repository\org\springframework\spring-jcl\6.2.9\spring-jcl-6.2.9.jar;C:\Users\Naveen_Kumar\.m2\repository\org\springframework\spring-test\6.2.9\spring-test-6.2.9.jar;C:\Users\Naveen_Kumar\.m2\repository\org\xmlunit\xmlunit-core\2.10.3\xmlunit-core-2.10.3.jar;C:\Users\Naveen_Kumar\.m2\repository\org\projectlombok\lombok\1.18.38\lombok-1.18.38.jar;C:\Users\Naveen_Kumar\.m2\repository\com\fasterxml\jackson\core\jackson-databind\2.17.0\jackson-databind-2.17.0.jar;C:\Users\Naveen_Kumar\.m2\repository\com\fasterxml\jackson\core\jackson-annotations\2.19.2\jackson-annotations-2.19.2.jar;C:\Users\Naveen_Kumar\.m2\repository\com\fasterxml\jackson\core\jackson-core\2.19.2\jackson-core-2.19.2.jar;C:\Users\Naveen_Kumar\.m2\repository\net\bytebuddy\byte-buddy\1.17.6\byte-buddy-1.17.6.jar;C:\Users\Naveen_Kumar\.m2\repository\com\fasterxml\jackson\datatype\jackson-datatype-jsr310\2.17.0\jackson-datatype-jsr310-2.17.0.jar;"/>
    <property name="java.vm.vendor" value="Oracle Corporation"/>
    <property name="sun.arch.data.model" value="64"/>
    <property name="user.variant" value=""/>
    <property name="java.vendor.url" value="https://java.oracle.com/"/>
    <property name="user.timezone" value="Asia/Calcutta"/>
    <property name="os.name" value="Windows 11"/>
    <property name="java.vm.specification.version" value="21"/>
    <property name="APPLICATION_NAME" value="dummyServlet"/>
    <property name="sun.java.launcher" value="SUN_STANDARD"/>
    <property name="user.country" value="US"/>
    <property name="sun.boot.library.path" value="C:\Program Files\Java\jdk-21\bin"/>
    <property name="sun.java.command" value="C:\Users\Naveen_Kumar\AppData\Local\Temp\surefire6743681966258488945\surefirebooter-20250819110435604_3.jar C:\Users\Naveen_Kumar\AppData\Local\Temp\surefire6743681966258488945 2025-08-19T11-04-35_291-jvmRun1 surefire-20250819110435604_1tmp surefire_0-20250819110435604_2tmp"/>
    <property name="jdk.debug" value="release"/>
    <property name="surefire.test.class.path" value="D:\PinnacleProject\dummyServlet\target\test-classes;D:\PinnacleProject\dummyServlet\target\classes;C:\Users\Naveen_Kumar\.m2\repository\org\springframework\boot\spring-boot-starter-web\3.5.4\spring-boot-starter-web-3.5.4.jar;C:\Users\Naveen_Kumar\.m2\repository\org\springframework\boot\spring-boot-starter\3.5.4\spring-boot-starter-3.5.4.jar;C:\Users\Naveen_Kumar\.m2\repository\org\springframework\boot\spring-boot\3.5.4\spring-boot-3.5.4.jar;C:\Users\Naveen_Kumar\.m2\repository\org\springframework\boot\spring-boot-autoconfigure\3.5.4\spring-boot-autoconfigure-3.5.4.jar;C:\Users\Naveen_Kumar\.m2\repository\jakarta\annotation\jakarta.annotation-api\2.1.1\jakarta.annotation-api-2.1.1.jar;C:\Users\Naveen_Kumar\.m2\repository\org\yaml\snakeyaml\2.4\snakeyaml-2.4.jar;C:\Users\Naveen_Kumar\.m2\repository\org\springframework\boot\spring-boot-starter-json\3.5.4\spring-boot-starter-json-3.5.4.jar;C:\Users\Naveen_Kumar\.m2\repository\com\fasterxml\jackson\datatype\jackson-datatype-jdk8\2.19.2\jackson-datatype-jdk8-2.19.2.jar;C:\Users\Naveen_Kumar\.m2\repository\com\fasterxml\jackson\module\jackson-module-parameter-names\2.19.2\jackson-module-parameter-names-2.19.2.jar;C:\Users\Naveen_Kumar\.m2\repository\org\springframework\boot\spring-boot-starter-tomcat\3.5.4\spring-boot-starter-tomcat-3.5.4.jar;C:\Users\Naveen_Kumar\.m2\repository\org\apache\tomcat\embed\tomcat-embed-core\10.1.43\tomcat-embed-core-10.1.43.jar;C:\Users\Naveen_Kumar\.m2\repository\org\apache\tomcat\embed\tomcat-embed-el\10.1.43\tomcat-embed-el-10.1.43.jar;C:\Users\Naveen_Kumar\.m2\repository\org\apache\tomcat\embed\tomcat-embed-websocket\10.1.43\tomcat-embed-websocket-10.1.43.jar;C:\Users\Naveen_Kumar\.m2\repository\org\springframework\spring-web\6.2.9\spring-web-6.2.9.jar;C:\Users\Naveen_Kumar\.m2\repository\org\springframework\spring-beans\6.2.9\spring-beans-6.2.9.jar;C:\Users\Naveen_Kumar\.m2\repository\io\micrometer\micrometer-observation\1.15.2\micrometer-observation-1.15.2.jar;C:\Users\Naveen_Kumar\.m2\repository\io\micrometer\micrometer-commons\1.15.2\micrometer-commons-1.15.2.jar;C:\Users\Naveen_Kumar\.m2\repository\org\springframework\spring-webmvc\6.2.9\spring-webmvc-6.2.9.jar;C:\Users\Naveen_Kumar\.m2\repository\org\springframework\spring-aop\6.2.9\spring-aop-6.2.9.jar;C:\Users\Naveen_Kumar\.m2\repository\org\springframework\spring-context\6.2.9\spring-context-6.2.9.jar;C:\Users\Naveen_Kumar\.m2\repository\org\springframework\spring-expression\6.2.9\spring-expression-6.2.9.jar;C:\Users\Naveen_Kumar\.m2\repository\org\springframework\boot\spring-boot-starter-logging\3.5.4\spring-boot-starter-logging-3.5.4.jar;C:\Users\Naveen_Kumar\.m2\repository\ch\qos\logback\logback-classic\1.5.18\logback-classic-1.5.18.jar;C:\Users\Naveen_Kumar\.m2\repository\ch\qos\logback\logback-core\1.5.18\logback-core-1.5.18.jar;C:\Users\Naveen_Kumar\.m2\repository\org\slf4j\slf4j-api\2.0.17\slf4j-api-2.0.17.jar;C:\Users\Naveen_Kumar\.m2\repository\org\apache\logging\log4j\log4j-to-slf4j\2.24.3\log4j-to-slf4j-2.24.3.jar;C:\Users\Naveen_Kumar\.m2\repository\org\apache\logging\log4j\log4j-api\2.24.3\log4j-api-2.24.3.jar;C:\Users\Naveen_Kumar\.m2\repository\org\slf4j\jul-to-slf4j\2.0.17\jul-to-slf4j-2.0.17.jar;C:\Users\Naveen_Kumar\.m2\repository\org\springframework\boot\spring-boot-starter-test\3.5.4\spring-boot-starter-test-3.5.4.jar;C:\Users\Naveen_Kumar\.m2\repository\org\springframework\boot\spring-boot-test\3.5.4\spring-boot-test-3.5.4.jar;C:\Users\Naveen_Kumar\.m2\repository\org\springframework\boot\spring-boot-test-autoconfigure\3.5.4\spring-boot-test-autoconfigure-3.5.4.jar;C:\Users\Naveen_Kumar\.m2\repository\com\jayway\jsonpath\json-path\2.9.0\json-path-2.9.0.jar;C:\Users\Naveen_Kumar\.m2\repository\jakarta\xml\bind\jakarta.xml.bind-api\4.0.2\jakarta.xml.bind-api-4.0.2.jar;C:\Users\Naveen_Kumar\.m2\repository\jakarta\activation\jakarta.activation-api\2.1.3\jakarta.activation-api-2.1.3.jar;C:\Users\Naveen_Kumar\.m2\repository\net\minidev\json-smart\2.5.2\json-smart-2.5.2.jar;C:\Users\Naveen_Kumar\.m2\repository\net\minidev\accessors-smart\2.5.2\accessors-smart-2.5.2.jar;C:\Users\Naveen_Kumar\.m2\repository\org\ow2\asm\asm\9.7.1\asm-9.7.1.jar;C:\Users\Naveen_Kumar\.m2\repository\org\assertj\assertj-core\3.27.3\assertj-core-3.27.3.jar;C:\Users\Naveen_Kumar\.m2\repository\org\awaitility\awaitility\4.2.2\awaitility-4.2.2.jar;C:\Users\Naveen_Kumar\.m2\repository\org\hamcrest\hamcrest\3.0\hamcrest-3.0.jar;C:\Users\Naveen_Kumar\.m2\repository\org\junit\jupiter\junit-jupiter\5.12.2\junit-jupiter-5.12.2.jar;C:\Users\Naveen_Kumar\.m2\repository\org\junit\jupiter\junit-jupiter-api\5.12.2\junit-jupiter-api-5.12.2.jar;C:\Users\Naveen_Kumar\.m2\repository\org\opentest4j\opentest4j\1.3.0\opentest4j-1.3.0.jar;C:\Users\Naveen_Kumar\.m2\repository\org\junit\platform\junit-platform-commons\1.12.2\junit-platform-commons-1.12.2.jar;C:\Users\Naveen_Kumar\.m2\repository\org\apiguardian\apiguardian-api\1.1.2\apiguardian-api-1.1.2.jar;C:\Users\Naveen_Kumar\.m2\repository\org\junit\jupiter\junit-jupiter-params\5.12.2\junit-jupiter-params-5.12.2.jar;C:\Users\Naveen_Kumar\.m2\repository\org\junit\jupiter\junit-jupiter-engine\5.12.2\junit-jupiter-engine-5.12.2.jar;C:\Users\Naveen_Kumar\.m2\repository\org\junit\platform\junit-platform-engine\1.12.2\junit-platform-engine-1.12.2.jar;C:\Users\Naveen_Kumar\.m2\repository\org\mockito\mockito-core\5.17.0\mockito-core-5.17.0.jar;C:\Users\Naveen_Kumar\.m2\repository\net\bytebuddy\byte-buddy-agent\1.17.6\byte-buddy-agent-1.17.6.jar;C:\Users\Naveen_Kumar\.m2\repository\org\objenesis\objenesis\3.3\objenesis-3.3.jar;C:\Users\Naveen_Kumar\.m2\repository\org\mockito\mockito-junit-jupiter\5.17.0\mockito-junit-jupiter-5.17.0.jar;C:\Users\Naveen_Kumar\.m2\repository\org\skyscreamer\jsonassert\1.5.3\jsonassert-1.5.3.jar;C:\Users\Naveen_Kumar\.m2\repository\com\vaadin\external\google\android-json\0.0.20131108.vaadin1\android-json-0.0.20131108.vaadin1.jar;C:\Users\Naveen_Kumar\.m2\repository\org\springframework\spring-core\6.2.9\spring-core-6.2.9.jar;C:\Users\Naveen_Kumar\.m2\repository\org\springframework\spring-jcl\6.2.9\spring-jcl-6.2.9.jar;C:\Users\Naveen_Kumar\.m2\repository\org\springframework\spring-test\6.2.9\spring-test-6.2.9.jar;C:\Users\Naveen_Kumar\.m2\repository\org\xmlunit\xmlunit-core\2.10.3\xmlunit-core-2.10.3.jar;C:\Users\Naveen_Kumar\.m2\repository\org\projectlombok\lombok\1.18.38\lombok-1.18.38.jar;C:\Users\Naveen_Kumar\.m2\repository\com\fasterxml\jackson\core\jackson-databind\2.17.0\jackson-databind-2.17.0.jar;C:\Users\Naveen_Kumar\.m2\repository\com\fasterxml\jackson\core\jackson-annotations\2.19.2\jackson-annotations-2.19.2.jar;C:\Users\Naveen_Kumar\.m2\repository\com\fasterxml\jackson\core\jackson-core\2.19.2\jackson-core-2.19.2.jar;C:\Users\Naveen_Kumar\.m2\repository\net\bytebuddy\byte-buddy\1.17.6\byte-buddy-1.17.6.jar;C:\Users\Naveen_Kumar\.m2\repository\com\fasterxml\jackson\datatype\jackson-datatype-jsr310\2.17.0\jackson-datatype-jsr310-2.17.0.jar;"/>
    <property name="sun.cpu.endian" value="little"/>
    <property name="user.home" value="C:\Users\Naveen_Kumar"/>
    <property name="user.language" value="en"/>
    <property name="java.specification.vendor" value="Oracle Corporation"/>
    <property name="java.version.date" value="2024-10-15"/>
    <property name="java.home" value="C:\Program Files\Java\jdk-21"/>
    <property name="file.separator" value="\"/>
    <property name="basedir" value="D:\PinnacleProject\dummyServlet"/>
    <property name="java.vm.compressedOopsMode" value="Zero based"/>
    <property name="line.separator" value="&#10;"/>
    <property name="java.vm.specification.vendor" value="Oracle Corporation"/>
    <property name="java.specification.name" value="Java Platform API Specification"/>
    <property name="FILE_LOG_CHARSET" value="UTF-8"/>
    <property name="java.awt.headless" value="true"/>
    <property name="surefire.real.class.path" value="C:\Users\Naveen_Kumar\AppData\Local\Temp\surefire6743681966258488945\surefirebooter-20250819110435604_3.jar"/>
    <property name="user.script" value=""/>
    <property name="sun.management.compiler" value="HotSpot 64-Bit Tiered Compilers"/>
    <property name="java.runtime.version" value="21.0.5+9-LTS-239"/>
    <property name="user.name" value="Naveen_Kumar"/>
    <property name="stdout.encoding" value="Cp1252"/>
    <property name="path.separator" value=";"/>
    <property name="os.version" value="10.0"/>
    <property name="java.runtime.name" value="Java(TM) SE Runtime Environment"/>
    <property name="file.encoding" value="UTF-8"/>
    <property name="java.vm.name" value="Java HotSpot(TM) 64-Bit Server VM"/>
    <property name="localRepository" value="C:\Users\Naveen_Kumar\.m2\repository"/>
    <property name="java.vendor.url.bug" value="https://bugreport.java.com/bugreport/"/>
    <property name="java.io.tmpdir" value="C:\Users\NAVEEN~1\AppData\Local\Temp\"/>
    <property name="java.version" value="21.0.5"/>
    <property name="user.dir" value="D:\PinnacleProject\dummyServlet"/>
    <property name="os.arch" value="amd64"/>
    <property name="java.vm.specification.name" value="Java Virtual Machine Specification"/>
    <property name="PID" value="42328"/>
    <property name="sun.os.patch.level" value=""/>
    <property name="CONSOLE_LOG_CHARSET" value="UTF-8"/>
    <property name="native.encoding" value="Cp1252"/>
    <property name="java.library.path" value="C:\Program Files\Java\jdk-21\bin;C:\WINDOWS\Sun\Java\bin;C:\WINDOWS\system32;C:\WINDOWS;C:\Python313\Scripts\;C:\Python313\;C:\Program Files\Common Files\Oracle\Java\javapath;C:\WINDOWS\system32;C:\WINDOWS;C:\WINDOWS\System32\Wbem;C:\WINDOWS\System32\WindowsPowerShell\v1.0\;C:\WINDOWS\System32\OpenSSH\;C:\Program Files\Docker\Docker\resources\bin;C:\Program Files\Git\cmd;C:\Program Files\Java\apache-maven-3.9.9\bin;C:\Program Files\WireGuard\;C:\Program Files\PuTTY\;C:\Program Files\Apache Software Foundation\apache-jmeter-5.6.3\bin;;C:\ProgramData\chocolatey\bin;C:\Program Files\nodejs\;C:\Program Files\MySQL\MySQL Shell 8.0\bin\;C:\Users\Naveen_Kumar\AppData\Local\Microsoft\WindowsApps;C:\Users\Naveen_Kumar\AppData\Local\Programs\Microsoft VS Code\bin;C:\Users\Naveen_Kumar\AppData\Local\Microsoft\WinGet\Packages\Schniz.fnm_Microsoft.Winget.Source_8wekyb3d8bbwe;C:\Users\Naveen_Kumar\AppData\Roaming\npm;."/>
    <property name="java.vm.info" value="mixed mode, sharing"/>
    <property name="stderr.encoding" value="Cp1252"/>
    <property name="java.vendor" value="Oracle Corporation"/>
    <property name="java.vm.version" value="21.0.5+9-LTS-239"/>
    <property name="sun.io.unicode.encoding" value="UnicodeLittle"/>
    <property name="java.class.version" value="65.0"/>
    <property name="LOGGED_APPLICATION_NAME" value="[dummyServlet] "/>
  </properties>
  <testcase name="contextLoads" classname="com.pinnacle.dummyServlet.DummyServletApplicationTests" time="1.329">
    <system-out><![CDATA[2025-08-19 11:04:37.590 [main] DEBUG o.s.b.t.c.SpringBootTestContextBootstrapper - [buildDefaultMergedContextConfiguration] Neither @ContextConfiguration nor @ContextHierarchy found for test class [DummyServletApplicationTests]: using SpringBootContextLoader
2025-08-19 11:04:37.595 [main] DEBUG o.s.t.c.s.AbstractContextLoader - [generateDefaultLocations] Could not detect default resource locations for test class [com.pinnacle.dummyServlet.DummyServletApplicationTests]: no resource found for suffixes {-context.xml, Context.groovy}.
2025-08-19 11:04:37.596 [main] INFO  o.s.t.c.s.AnnotationConfigContextLoaderUtils - [detectDefaultConfigurationClasses] Could not detect default configuration classes for test class [com.pinnacle.dummyServlet.DummyServletApplicationTests]: DummyServletApplicationTests does not declare any static, non-private, non-final, nested classes annotated with @Configuration.
2025-08-19 11:04:37.624 [main] DEBUG o.s.b.t.c.SpringBootTestContextBootstrapper - [getContextCustomizerFactories] Using ContextCustomizerFactory implementations for test class [DummyServletApplicationTests]: [ImportsContextCustomizerFactory, ExcludeFilterContextCustomizerFactory, HttpGraphQlTesterContextCustomizerFactory, DuplicateJsonObjectContextCustomizerFactory, MockitoContextCustomizerFactory, TestRestTemplateContextCustomizerFactory, WebTestClientContextCustomizerFactory, DisableReactorResourceFactoryGlobalResourcesContextCustomizerFactory, OnFailureConditionReportContextCustomizerFactory, OverrideAutoConfigurationContextCustomizerFactory, ObservabilityContextCustomizerFactory, TypeExcludeFiltersContextCustomizerFactory, PropertyMappingContextCustomizerFactory, WebDriverContextCustomizerFactory, BeanOverrideContextCustomizerFactory, MockServerContainerContextCustomizerFactory, DynamicPropertiesContextCustomizerFactory]
2025-08-19 11:04:37.664 [main] DEBUG o.s.b.t.c.SpringBootTestContextBootstrapper - [getContextCustomizers] Using ContextCustomizers for test class [DummyServletApplicationTests]: [ExcludeFilterContextCustomizer, DuplicateJsonObjectContextCustomizer, MockitoContextCustomizer, TestRestTemplateContextCustomizer, DisableReactorResourceFactoryGlobalResourcesContextCustomizerCustomizer, OnFailureConditionReportContextCustomizer, DisableObservabilityContextCustomizer, PropertyMappingContextCustomizer, WebDriverContextCustomizer, DynamicPropertiesContextCustomizer]
2025-08-19 11:04:37.823 [main] DEBUG o.s.c.a.ClassPathScanningCandidateComponentProvider - [scanCandidateComponents] Identified candidate component class: file [D:\PinnacleProject\dummyServlet\target\classes\com\pinnacle\dummyServlet\DummyServletApplication.class]
2025-08-19 11:04:37.825 [main] INFO  o.s.b.t.c.SpringBootTestContextBootstrapper - [getOrFindConfigurationClasses] Found @SpringBootConfiguration com.pinnacle.dummyServlet.DummyServletApplication for test class com.pinnacle.dummyServlet.DummyServletApplicationTests
2025-08-19 11:04:38.067 [main] DEBUG o.s.t.c.u.TestContextSpringFactoriesUtils - [handleFailure] Skipping candidate TestExecutionListener [org.springframework.test.context.observation.MicrometerObservationRegistryTestExecutionListener] due to a missing dependency. Specify custom TestExecutionListener classes or make the default TestExecutionListener classes and their required dependencies available. Offending class: io.micrometer.context.ThreadLocalAccessor. MicrometerObservationRegistryTestExecutionListener requires io.micrometer:micrometer-observation:1.10.8 or higher and io.micrometer:context-propagation:1.0.3 or higher.
2025-08-19 11:04:38.073 [main] DEBUG o.s.t.c.u.TestContextSpringFactoriesUtils - [handleFailure] Skipping candidate TestExecutionListener [org.springframework.test.context.transaction.TransactionalTestExecutionListener] due to a missing dependency. Specify custom TestExecutionListener classes or make the default TestExecutionListener classes and their required dependencies available. Offending class: org/springframework/transaction/interceptor/TransactionAttributeSource
2025-08-19 11:04:38.076 [main] DEBUG o.s.t.c.u.TestContextSpringFactoriesUtils - [handleFailure] Skipping candidate TestExecutionListener [org.springframework.test.context.jdbc.SqlScriptsTestExecutionListener] due to a missing dependency. Specify custom TestExecutionListener classes or make the default TestExecutionListener classes and their required dependencies available. Offending class: org/springframework/transaction/interceptor/TransactionAttribute
2025-08-19 11:04:38.085 [main] DEBUG o.s.b.t.c.SpringBootTestContextBootstrapper - [getTestExecutionListeners] Using TestExecutionListeners for test class [DummyServletApplicationTests]: [ServletTestExecutionListener, DirtiesContextBeforeModesTestExecutionListener, ApplicationEventsTestExecutionListener, MockitoTestExecutionListener, BeanOverrideTestExecutionListener, DependencyInjectionTestExecutionListener, DirtiesContextTestExecutionListener, CommonCachesTestExecutionListener, EventPublishingTestExecutionListener, ResetMocksTestExecutionListener, RestDocsTestExecutionListener, MockRestServiceServerResetTestExecutionListener, MockMvcPrintOnlyOnFailureTestExecutionListener, WebDriverTestExecutionListener, MockWebServiceServerTestExecutionListener, MockitoResetTestExecutionListener]
2025-08-19 11:04:38.090 [main] DEBUG o.s.t.c.s.DirtiesContextBeforeModesTestExecutionListener - [beforeOrAfterTestClass] Before test class: class [DummyServletApplicationTests], class annotated with @DirtiesContext [false] with mode [null]

  .   ____          _            __ _ _
 /\\ / ___'_ __ _ _(_)_ __  __ _ \ \ \ \
( ( )\___ | '_ | '_| | '_ \/ _` | \ \ \ \
 \\/  ___)| |_)| | | | | || (_| |  ) ) ) )
  '  |____| .__|_| |_|_| |_\__, | / / / /
 =========|_|==============|___/=/_/_/_/

 :: Spring Boot ::                (v3.5.4)

2025-08-19 11:04:38.691 [main] INFO  c.p.d.DummyServletApplicationTests - [logStarting] Starting DummyServletApplicationTests using Java 21.0.5 with PID 42328 (started by Naveen_Kumar in D:\PinnacleProject\dummyServlet)
2025-08-19 11:04:38.693 [main] DEBUG c.p.d.DummyServletApplicationTests - [logStarting] Running with Spring Boot v3.5.4, Spring v6.2.9
2025-08-19 11:04:38.694 [main] INFO  c.p.d.DummyServletApplicationTests - [logStartupProfileInfo] No active profile set, falling back to 1 default profile: "default"
2025-08-19 11:04:38.696 [main] DEBUG o.s.boot.SpringApplication - [load] Loading source class com.pinnacle.dummyServlet.DummyServletApplication
2025-08-19 11:04:38.737 [main] DEBUG o.s.w.c.s.GenericWebApplicationContext - [prepareRefresh] Refreshing org.springframework.web.context.support.GenericWebApplicationContext@1dab9dd6
2025-08-19 11:04:38.760 [main] DEBUG o.s.b.f.s.DefaultListableBeanFactory - [getSingleton] Creating shared instance of singleton bean 'org.springframework.context.annotation.internalConfigurationAnnotationProcessor'
2025-08-19 11:04:38.800 [main] DEBUG o.s.b.f.s.DefaultListableBeanFactory - [getSingleton] Creating shared instance of singleton bean 'org.springframework.boot.autoconfigure.internalCachingMetadataReaderFactory'
2025-08-19 11:04:38.865 [main] DEBUG o.s.c.a.ClassPathBeanDefinitionScanner - [scanCandidateComponents] Identified candidate component class: file [D:\PinnacleProject\dummyServlet\target\classes\com\pinnacle\dummyServlet\controller\MainController.class]
2025-08-19 11:04:40.115 [main] DEBUG o.s.b.f.s.DefaultListableBeanFactory - [getSingleton] Creating shared instance of singleton bean 'propertySourcesPlaceholderConfigurer'
2025-08-19 11:04:40.146 [main] DEBUG o.s.b.f.s.DefaultListableBeanFactory - [getSingleton] Creating shared instance of singleton bean 'org.springframework.boot.test.mock.mockito.MockitoPostProcessor'
2025-08-19 11:04:40.187 [main] DEBUG o.s.b.f.s.DefaultListableBeanFactory - [getSingleton] Creating shared instance of singleton bean 'org.springframework.boot.sql.init.dependency.DatabaseInitializationDependencyConfigurer$DependsOnDatabaseInitializationPostProcessor'
2025-08-19 11:04:40.229 [main] DEBUG o.s.b.f.s.DefaultListableBeanFactory - [getSingleton] Creating shared instance of singleton bean 'org.springframework.context.event.internalEventListenerProcessor'
2025-08-19 11:04:40.233 [main] DEBUG o.s.b.f.s.DefaultListableBeanFactory - [getSingleton] Creating shared instance of singleton bean 'bootstrapExecutorAliasPostProcessor'
2025-08-19 11:04:40.237 [main] DEBUG o.s.b.f.s.DefaultListableBeanFactory - [getSingleton] Creating shared instance of singleton bean 'preserveErrorControllerTargetClassPostProcessor'
2025-08-19 11:04:40.239 [main] DEBUG o.s.b.f.s.DefaultListableBeanFactory - [getSingleton] Creating shared instance of singleton bean 'forceAutoProxyCreatorToUseClassProxying'
2025-08-19 11:04:40.241 [main] DEBUG o.s.b.f.s.DefaultListableBeanFactory - [getSingleton] Creating shared instance of singleton bean 'org.springframework.context.event.internalEventListenerFactory'
2025-08-19 11:04:40.255 [main] DEBUG o.s.b.f.s.DefaultListableBeanFactory - [getSingleton] Creating shared instance of singleton bean 'org.springframework.boot.test.mock.mockito.MockitoPostProcessor$SpyPostProcessor'
2025-08-19 11:04:40.261 [main] DEBUG o.s.b.f.s.DefaultListableBeanFactory - [getSingleton] Creating shared instance of singleton bean 'org.springframework.context.annotation.internalAutowiredAnnotationProcessor'
2025-08-19 11:04:40.266 [main] DEBUG o.s.b.f.s.DefaultListableBeanFactory - [getSingleton] Creating shared instance of singleton bean 'org.springframework.context.annotation.internalCommonAnnotationProcessor'
2025-08-19 11:04:40.270 [main] DEBUG o.s.b.f.s.DefaultListableBeanFactory - [getSingleton] Creating shared instance of singleton bean 'org.springframework.boot.context.properties.ConfigurationPropertiesBindingPostProcessor'
2025-08-19 11:04:40.271 [main] DEBUG o.s.b.f.s.DefaultListableBeanFactory - [getSingleton] Creating shared instance of singleton bean 'org.springframework.boot.context.internalConfigurationPropertiesBinder'
2025-08-19 11:04:40.275 [main] DEBUG o.s.b.f.s.DefaultListableBeanFactory - [getSingleton] Creating shared instance of singleton bean 'org.springframework.aop.config.internalAutoProxyCreator'
2025-08-19 11:04:40.304 [main] DEBUG o.s.b.f.s.DefaultListableBeanFactory - [getSingleton] Creating shared instance of singleton bean 'webServerFactoryCustomizerBeanPostProcessor'
2025-08-19 11:04:40.306 [main] DEBUG o.s.b.f.s.DefaultListableBeanFactory - [getSingleton] Creating shared instance of singleton bean 'errorPageRegistrarBeanPostProcessor'
2025-08-19 11:04:40.309 [main] DEBUG o.s.u.c.s.UiApplicationContextUtils - [initThemeSource] Unable to locate ThemeSource with name 'themeSource': using default [org.springframework.ui.context.support.ResourceBundleThemeSource@79e66b2f]
2025-08-19 11:04:40.311 [main] DEBUG o.s.b.f.s.DefaultListableBeanFactory - [getSingleton] Creating shared instance of singleton bean 'applicationTaskExecutor'
2025-08-19 11:04:40.312 [main] DEBUG o.s.b.f.s.DefaultListableBeanFactory - [getSingleton] Creating shared instance of singleton bean 'org.springframework.boot.autoconfigure.task.TaskExecutorConfigurations$TaskExecutorConfiguration'
2025-08-19 11:04:40.318 [main] DEBUG o.s.b.f.s.DefaultListableBeanFactory - [getSingleton] Creating shared instance of singleton bean 'threadPoolTaskExecutorBuilder'
2025-08-19 11:04:40.318 [main] DEBUG o.s.b.f.s.DefaultListableBeanFactory - [getSingleton] Creating shared instance of singleton bean 'org.springframework.boot.autoconfigure.task.TaskExecutorConfigurations$ThreadPoolTaskExecutorBuilderConfiguration'
2025-08-19 11:04:40.321 [main] DEBUG o.s.b.f.s.DefaultListableBeanFactory - [getSingleton] Creating shared instance of singleton bean 'spring.task.execution-org.springframework.boot.autoconfigure.task.TaskExecutionProperties'
2025-08-19 11:04:40.324 [main] DEBUG o.s.b.f.s.DefaultListableBeanFactory - [getSingleton] Creating shared instance of singleton bean 'org.springframework.boot.context.properties.BoundConfigurationProperties'
2025-08-19 11:04:40.368 [main] DEBUG o.s.b.f.s.DefaultListableBeanFactory - [registerDependentBeans] Autowiring by type from bean name 'threadPoolTaskExecutorBuilder' via factory method to bean named 'spring.task.execution-org.springframework.boot.autoconfigure.task.TaskExecutionProperties'
2025-08-19 11:04:40.376 [main] DEBUG o.s.b.f.s.DefaultListableBeanFactory - [registerDependentBeans] Autowiring by type from bean name 'applicationTaskExecutor' via factory method to bean named 'threadPoolTaskExecutorBuilder'
2025-08-19 11:04:40.390 [main] DEBUG o.s.s.c.ThreadPoolTaskExecutor - [initialize] Initializing ExecutorService 'applicationTaskExecutor'
2025-08-19 11:04:40.392 [main] DEBUG o.s.b.f.s.DefaultListableBeanFactory - [getSingleton] Creating shared instance of singleton bean 'org.springframework.test.context.support.internalDynamicPropertyRegistrarBeanInitializer'
2025-08-19 11:04:40.395 [main] DEBUG o.s.b.f.s.DefaultListableBeanFactory - [getSingleton] Creating shared instance of singleton bean 'dummyServletApplication'
2025-08-19 11:04:40.398 [main] DEBUG o.s.b.f.s.DefaultListableBeanFactory - [getSingleton] Creating shared instance of singleton bean 'mainController'
2025-08-19 11:04:40.404 [main] DEBUG o.s.b.f.s.DefaultListableBeanFactory - [getSingleton] Creating shared instance of singleton bean 'org.springframework.boot.autoconfigure.AutoConfigurationPackages'
2025-08-19 11:04:40.406 [main] DEBUG o.s.b.f.s.DefaultListableBeanFactory - [getSingleton] Creating shared instance of singleton bean 'org.springframework.boot.autoconfigure.context.PropertyPlaceholderAutoConfiguration'
2025-08-19 11:04:40.406 [main] DEBUG o.s.b.f.s.DefaultListableBeanFactory - [getSingleton] Creating shared instance of singleton bean 'org.springframework.boot.autoconfigure.ssl.SslAutoConfiguration'
2025-08-19 11:04:40.408 [main] DEBUG o.s.b.f.s.DefaultListableBeanFactory - [getSingleton] Creating shared instance of singleton bean 'spring.ssl-org.springframework.boot.autoconfigure.ssl.SslProperties'
2025-08-19 11:04:40.412 [main] DEBUG o.s.b.f.s.DefaultListableBeanFactory - [registerDependentBeans] Autowiring by type from bean name 'org.springframework.boot.autoconfigure.ssl.SslAutoConfiguration' via constructor to bean named 'org.springframework.web.context.support.GenericWebApplicationContext@1dab9dd6'
2025-08-19 11:04:40.413 [main] DEBUG o.s.b.f.s.DefaultListableBeanFactory - [registerDependentBeans] Autowiring by type from bean name 'org.springframework.boot.autoconfigure.ssl.SslAutoConfiguration' via constructor to bean named 'spring.ssl-org.springframework.boot.autoconfigure.ssl.SslProperties'
2025-08-19 11:04:40.418 [main] DEBUG o.s.b.f.s.DefaultListableBeanFactory - [getSingleton] Creating shared instance of singleton bean 'fileWatcher'
2025-08-19 11:04:40.420 [main] DEBUG o.s.b.f.s.DefaultListableBeanFactory - [getSingleton] Creating shared instance of singleton bean 'sslPropertiesSslBundleRegistrar'
2025-08-19 11:04:40.421 [main] DEBUG o.s.b.f.s.DefaultListableBeanFactory - [registerDependentBeans] Autowiring by type from bean name 'sslPropertiesSslBundleRegistrar' via factory method to bean named 'fileWatcher'
2025-08-19 11:04:40.424 [main] DEBUG o.s.b.f.s.DefaultListableBeanFactory - [getSingleton] Creating shared instance of singleton bean 'sslBundleRegistry'
2025-08-19 11:04:40.431 [main] DEBUG o.s.b.f.s.DefaultListableBeanFactory - [getSingleton] Creating shared instance of singleton bean 'org.springframework.boot.context.properties.EnableConfigurationPropertiesRegistrar.methodValidationExcludeFilter'
2025-08-19 11:04:40.436 [main] DEBUG o.s.b.f.s.DefaultListableBeanFactory - [getSingleton] Creating shared instance of singleton bean 'org.springframework.boot.autoconfigure.websocket.servlet.WebSocketServletAutoConfiguration$TomcatWebSocketConfiguration'
2025-08-19 11:04:40.438 [main] DEBUG o.s.b.f.s.DefaultListableBeanFactory - [getSingleton] Creating shared instance of singleton bean 'websocketServletWebServerCustomizer'
2025-08-19 11:04:40.440 [main] DEBUG o.s.b.f.s.DefaultListableBeanFactory - [getSingleton] Creating shared instance of singleton bean 'org.springframework.boot.autoconfigure.websocket.servlet.WebSocketServletAutoConfiguration'
2025-08-19 11:04:40.442 [main] DEBUG o.s.b.f.s.DefaultListableBeanFactory - [getSingleton] Creating shared instance of singleton bean 'org.springframework.boot.autoconfigure.web.servlet.ServletWebServerFactoryConfiguration$EmbeddedTomcat'
2025-08-19 11:04:40.447 [main] DEBUG o.s.b.f.s.DefaultListableBeanFactory - [getSingleton] Creating shared instance of singleton bean 'tomcatServletWebServerFactory'
2025-08-19 11:04:40.483 [main] DEBUG o.s.b.f.s.DefaultListableBeanFactory - [getSingleton] Creating shared instance of singleton bean 'servletWebServerFactoryCustomizer'
2025-08-19 11:04:40.485 [main] DEBUG o.s.b.f.s.DefaultListableBeanFactory - [getSingleton] Creating shared instance of singleton bean 'org.springframework.boot.autoconfigure.web.servlet.ServletWebServerFactoryAutoConfiguration'
2025-08-19 11:04:40.487 [main] DEBUG o.s.b.f.s.DefaultListableBeanFactory - [getSingleton] Creating shared instance of singleton bean 'server-org.springframework.boot.autoconfigure.web.ServerProperties'
2025-08-19 11:04:40.500 [main] DEBUG o.s.b.f.s.DefaultListableBeanFactory - [registerDependentBeans] Autowiring by type from bean name 'servletWebServerFactoryCustomizer' via factory method to bean named 'server-org.springframework.boot.autoconfigure.web.ServerProperties'
2025-08-19 11:04:40.507 [main] DEBUG o.s.b.f.s.DefaultListableBeanFactory - [getSingleton] Creating shared instance of singleton bean 'tomcatServletWebServerFactoryCustomizer'
2025-08-19 11:04:40.508 [main] DEBUG o.s.b.f.s.DefaultListableBeanFactory - [registerDependentBeans] Autowiring by type from bean name 'tomcatServletWebServerFactoryCustomizer' via factory method to bean named 'server-org.springframework.boot.autoconfigure.web.ServerProperties'
2025-08-19 11:04:40.509 [main] DEBUG o.s.b.f.s.DefaultListableBeanFactory - [getSingleton] Creating shared instance of singleton bean 'localeCharsetMappingsCustomizer'
2025-08-19 11:04:40.510 [main] DEBUG o.s.b.f.s.DefaultListableBeanFactory - [getSingleton] Creating shared instance of singleton bean 'org.springframework.boot.autoconfigure.web.servlet.HttpEncodingAutoConfiguration'
2025-08-19 11:04:40.510 [main] DEBUG o.s.b.f.s.DefaultListableBeanFactory - [registerDependentBeans] Autowiring by type from bean name 'org.springframework.boot.autoconfigure.web.servlet.HttpEncodingAutoConfiguration' via constructor to bean named 'server-org.springframework.boot.autoconfigure.web.ServerProperties'
2025-08-19 11:04:40.528 [main] DEBUG o.s.b.f.s.DefaultListableBeanFactory - [getSingleton] Creating shared instance of singleton bean 'errorPageCustomizer'
2025-08-19 11:04:40.529 [main] DEBUG o.s.b.f.s.DefaultListableBeanFactory - [getSingleton] Creating shared instance of singleton bean 'org.springframework.boot.autoconfigure.web.servlet.error.ErrorMvcAutoConfiguration'
2025-08-19 11:04:40.531 [main] DEBUG o.s.b.f.s.DefaultListableBeanFactory - [registerDependentBeans] Autowiring by type from bean name 'org.springframework.boot.autoconfigure.web.servlet.error.ErrorMvcAutoConfiguration' via constructor to bean named 'server-org.springframework.boot.autoconfigure.web.ServerProperties'
2025-08-19 11:04:40.533 [main] DEBUG o.s.b.f.s.DefaultListableBeanFactory - [getSingleton] Creating shared instance of singleton bean 'dispatcherServletRegistration'
2025-08-19 11:04:40.533 [main] DEBUG o.s.b.f.s.DefaultListableBeanFactory - [getSingleton] Creating shared instance of singleton bean 'org.springframework.boot.autoconfigure.web.servlet.DispatcherServletAutoConfiguration$DispatcherServletRegistrationConfiguration'
2025-08-19 11:04:40.535 [main] DEBUG o.s.b.f.s.DefaultListableBeanFactory - [getSingleton] Creating shared instance of singleton bean 'dispatcherServlet'
2025-08-19 11:04:40.536 [main] DEBUG o.s.b.f.s.DefaultListableBeanFactory - [getSingleton] Creating shared instance of singleton bean 'org.springframework.boot.autoconfigure.web.servlet.DispatcherServletAutoConfiguration$DispatcherServletConfiguration'
2025-08-19 11:04:40.536 [main] DEBUG o.s.b.f.s.DefaultListableBeanFactory - [getSingleton] Creating shared instance of singleton bean 'spring.mvc-org.springframework.boot.autoconfigure.web.servlet.WebMvcProperties'
2025-08-19 11:04:40.539 [main] DEBUG o.s.b.f.s.DefaultListableBeanFactory - [registerDependentBeans] Autowiring by type from bean name 'dispatcherServlet' via factory method to bean named 'spring.mvc-org.springframework.boot.autoconfigure.web.servlet.WebMvcProperties'
2025-08-19 11:04:40.558 [main] DEBUG o.s.b.f.s.DefaultListableBeanFactory - [registerDependentBeans] Autowiring by type from bean name 'dispatcherServletRegistration' via factory method to bean named 'dispatcherServlet'
2025-08-19 11:04:40.560 [main] DEBUG o.s.b.f.s.DefaultListableBeanFactory - [registerDependentBeans] Autowiring by type from bean name 'dispatcherServletRegistration' via factory method to bean named 'spring.mvc-org.springframework.boot.autoconfigure.web.servlet.WebMvcProperties'
2025-08-19 11:04:40.566 [main] DEBUG o.s.b.f.s.DefaultListableBeanFactory - [getSingleton] Creating shared instance of singleton bean 'multipartConfigElement'
2025-08-19 11:04:40.567 [main] DEBUG o.s.b.f.s.DefaultListableBeanFactory - [getSingleton] Creating shared instance of singleton bean 'org.springframework.boot.autoconfigure.web.servlet.MultipartAutoConfiguration'
2025-08-19 11:04:40.569 [main] DEBUG o.s.b.f.s.DefaultListableBeanFactory - [getSingleton] Creating shared instance of singleton bean 'spring.servlet.multipart-org.springframework.boot.autoconfigure.web.servlet.MultipartProperties'
2025-08-19 11:04:40.586 [main] DEBUG o.s.b.f.s.DefaultListableBeanFactory - [registerDependentBeans] Autowiring by type from bean name 'org.springframework.boot.autoconfigure.web.servlet.MultipartAutoConfiguration' via constructor to bean named 'spring.servlet.multipart-org.springframework.boot.autoconfigure.web.servlet.MultipartProperties'
2025-08-19 11:04:40.610 [main] DEBUG o.s.b.f.s.DefaultListableBeanFactory - [registerDependentBeans] Autowiring by type from bean name 'errorPageCustomizer' via factory method to bean named 'dispatcherServletRegistration'
2025-08-19 11:04:40.614 [main] DEBUG o.s.b.f.s.DefaultListableBeanFactory - [getSingleton] Creating shared instance of singleton bean 'org.springframework.boot.autoconfigure.web.servlet.DispatcherServletAutoConfiguration'
2025-08-19 11:04:40.618 [main] DEBUG o.s.b.f.s.DefaultListableBeanFactory - [getSingleton] Creating shared instance of singleton bean 'org.springframework.boot.autoconfigure.task.TaskExecutorConfigurations$SimpleAsyncTaskExecutorBuilderConfiguration'
2025-08-19 11:04:40.621 [main] DEBUG o.s.b.f.s.DefaultListableBeanFactory - [registerDependentBeans] Autowiring by type from bean name 'org.springframework.boot.autoconfigure.task.TaskExecutorConfigurations$SimpleAsyncTaskExecutorBuilderConfiguration' via constructor to bean named 'spring.task.execution-org.springframework.boot.autoconfigure.task.TaskExecutionProperties'
2025-08-19 11:04:40.622 [main] DEBUG o.s.b.f.s.DefaultListableBeanFactory - [getSingleton] Creating shared instance of singleton bean 'simpleAsyncTaskExecutorBuilder'
2025-08-19 11:04:40.629 [main] DEBUG o.s.b.f.s.DefaultListableBeanFactory - [getSingleton] Creating shared instance of singleton bean 'org.springframework.boot.autoconfigure.task.TaskExecutorConfigurations$AsyncConfigurerConfiguration'
2025-08-19 11:04:40.631 [main] DEBUG o.s.b.f.s.DefaultListableBeanFactory - [getSingleton] Creating shared instance of singleton bean 'applicationTaskExecutorAsyncConfigurer'
2025-08-19 11:04:40.632 [main] DEBUG o.s.b.f.s.DefaultListableBeanFactory - [registerDependentBeans] Autowiring by type from bean name 'applicationTaskExecutorAsyncConfigurer' via factory method to bean named 'org.springframework.beans.factory.support.DefaultListableBeanFactory@630d1b2f'
2025-08-19 11:04:40.641 [main] DEBUG o.s.b.f.s.DefaultListableBeanFactory - [getSingleton] Creating shared instance of singleton bean 'org.springframework.boot.autoconfigure.task.TaskExecutorConfigurations$BootstrapExecutorConfiguration'
2025-08-19 11:04:40.643 [main] DEBUG o.s.b.f.s.DefaultListableBeanFactory - [getSingleton] Creating shared instance of singleton bean 'org.springframework.boot.autoconfigure.task.TaskExecutionAutoConfiguration'
2025-08-19 11:04:40.645 [main] DEBUG o.s.b.f.s.DefaultListableBeanFactory - [getSingleton] Creating shared instance of singleton bean 'org.springframework.boot.autoconfigure.web.servlet.error.ErrorMvcAutoConfiguration$WhitelabelErrorViewConfiguration'
2025-08-19 11:04:40.651 [main] DEBUG o.s.b.f.s.DefaultListableBeanFactory - [getSingleton] Creating shared instance of singleton bean 'error'
2025-08-19 11:04:40.653 [main] DEBUG o.s.b.f.s.DefaultListableBeanFactory - [getSingleton] Creating shared instance of singleton bean 'beanNameViewResolver'
2025-08-19 11:04:40.660 [main] DEBUG o.s.b.f.s.DefaultListableBeanFactory - [getSingleton] Creating shared instance of singleton bean 'org.springframework.boot.autoconfigure.web.servlet.error.ErrorMvcAutoConfiguration$DefaultErrorViewResolverConfiguration'
2025-08-19 11:04:40.664 [main] DEBUG o.s.b.f.s.DefaultListableBeanFactory - [getSingleton] Creating shared instance of singleton bean 'spring.web-org.springframework.boot.autoconfigure.web.WebProperties'
2025-08-19 11:04:40.671 [main] DEBUG o.s.b.f.s.DefaultListableBeanFactory - [registerDependentBeans] Autowiring by type from bean name 'org.springframework.boot.autoconfigure.web.servlet.error.ErrorMvcAutoConfiguration$DefaultErrorViewResolverConfiguration' via constructor to bean named 'org.springframework.web.context.support.GenericWebApplicationContext@1dab9dd6'
2025-08-19 11:04:40.672 [main] DEBUG o.s.b.f.s.DefaultListableBeanFactory - [registerDependentBeans] Autowiring by type from bean name 'org.springframework.boot.autoconfigure.web.servlet.error.ErrorMvcAutoConfiguration$DefaultErrorViewResolverConfiguration' via constructor to bean named 'spring.web-org.springframework.boot.autoconfigure.web.WebProperties'
2025-08-19 11:04:40.673 [main] DEBUG o.s.b.f.s.DefaultListableBeanFactory - [getSingleton] Creating shared instance of singleton bean 'conventionErrorViewResolver'
2025-08-19 11:04:40.677 [main] DEBUG o.s.b.f.s.DefaultListableBeanFactory - [getSingleton] Creating shared instance of singleton bean 'errorAttributes'
2025-08-19 11:04:40.681 [main] DEBUG o.s.b.f.s.DefaultListableBeanFactory - [getSingleton] Creating shared instance of singleton bean 'basicErrorController'
2025-08-19 11:04:40.683 [main] DEBUG o.s.b.f.s.DefaultListableBeanFactory - [registerDependentBeans] Autowiring by type from bean name 'basicErrorController' via factory method to bean named 'errorAttributes'
2025-08-19 11:04:40.695 [main] DEBUG o.s.b.f.s.DefaultListableBeanFactory - [getSingleton] Creating shared instance of singleton bean 'org.springframework.boot.autoconfigure.web.servlet.WebMvcAutoConfiguration$EnableWebMvcConfiguration'
2025-08-19 11:04:40.701 [main] DEBUG o.s.b.f.s.DefaultListableBeanFactory - [registerDependentBeans] Autowiring by type from bean name 'org.springframework.boot.autoconfigure.web.servlet.WebMvcAutoConfiguration$EnableWebMvcConfiguration' via constructor to bean named 'spring.mvc-org.springframework.boot.autoconfigure.web.servlet.WebMvcProperties'
2025-08-19 11:04:40.702 [main] DEBUG o.s.b.f.s.DefaultListableBeanFactory - [registerDependentBeans] Autowiring by type from bean name 'org.springframework.boot.autoconfigure.web.servlet.WebMvcAutoConfiguration$EnableWebMvcConfiguration' via constructor to bean named 'spring.web-org.springframework.boot.autoconfigure.web.WebProperties'
2025-08-19 11:04:40.703 [main] DEBUG o.s.b.f.s.DefaultListableBeanFactory - [registerDependentBeans] Autowiring by type from bean name 'org.springframework.boot.autoconfigure.web.servlet.WebMvcAutoConfiguration$EnableWebMvcConfiguration' via constructor to bean named 'org.springframework.beans.factory.support.DefaultListableBeanFactory@630d1b2f'
2025-08-19 11:04:40.715 [main] DEBUG o.s.b.f.s.DefaultListableBeanFactory - [getSingleton] Creating shared instance of singleton bean 'org.springframework.boot.autoconfigure.web.servlet.WebMvcAutoConfiguration$WebMvcAutoConfigurationAdapter'
2025-08-19 11:04:40.716 [main] DEBUG o.s.b.f.s.DefaultListableBeanFactory - [registerDependentBeans] Autowiring by type from bean name 'org.springframework.boot.autoconfigure.web.servlet.WebMvcAutoConfiguration$WebMvcAutoConfigurationAdapter' via constructor to bean named 'spring.web-org.springframework.boot.autoconfigure.web.WebProperties'
2025-08-19 11:04:40.717 [main] DEBUG o.s.b.f.s.DefaultListableBeanFactory - [registerDependentBeans] Autowiring by type from bean name 'org.springframework.boot.autoconfigure.web.servlet.WebMvcAutoConfiguration$WebMvcAutoConfigurationAdapter' via constructor to bean named 'spring.mvc-org.springframework.boot.autoconfigure.web.servlet.WebMvcProperties'
2025-08-19 11:04:40.717 [main] DEBUG o.s.b.f.s.DefaultListableBeanFactory - [registerDependentBeans] Autowiring by type from bean name 'org.springframework.boot.autoconfigure.web.servlet.WebMvcAutoConfiguration$WebMvcAutoConfigurationAdapter' via constructor to bean named 'org.springframework.beans.factory.support.DefaultListableBeanFactory@630d1b2f'
2025-08-19 11:04:40.722 [main] DEBUG o.s.b.f.s.DefaultListableBeanFactory - [getSingleton] Creating shared instance of singleton bean 'welcomePageHandlerMapping'
2025-08-19 11:04:40.723 [main] DEBUG o.s.b.f.s.DefaultListableBeanFactory - [getSingleton] Creating shared instance of singleton bean 'mvcConversionService'
2025-08-19 11:04:40.731 [main] DEBUG o.s.b.f.s.DefaultListableBeanFactory - [getSingleton] Creating shared instance of singleton bean 'mvcResourceUrlProvider'
2025-08-19 11:04:40.736 [main] DEBUG o.s.b.f.s.DefaultListableBeanFactory - [registerDependentBeans] Autowiring by type from bean name 'welcomePageHandlerMapping' via factory method to bean named 'org.springframework.web.context.support.GenericWebApplicationContext@1dab9dd6'
2025-08-19 11:04:40.736 [main] DEBUG o.s.b.f.s.DefaultListableBeanFactory - [registerDependentBeans] Autowiring by type from bean name 'welcomePageHandlerMapping' via factory method to bean named 'mvcConversionService'
2025-08-19 11:04:40.736 [main] DEBUG o.s.b.f.s.DefaultListableBeanFactory - [registerDependentBeans] Autowiring by type from bean name 'welcomePageHandlerMapping' via factory method to bean named 'mvcResourceUrlProvider'
2025-08-19 11:04:40.768 [main] DEBUG o.s.b.f.s.DefaultListableBeanFactory - [getSingleton] Creating shared instance of singleton bean 'welcomePageNotAcceptableHandlerMapping'
2025-08-19 11:04:40.770 [main] DEBUG o.s.b.f.s.DefaultListableBeanFactory - [registerDependentBeans] Autowiring by type from bean name 'welcomePageNotAcceptableHandlerMapping' via factory method to bean named 'org.springframework.web.context.support.GenericWebApplicationContext@1dab9dd6'
2025-08-19 11:04:40.771 [main] DEBUG o.s.b.f.s.DefaultListableBeanFactory - [registerDependentBeans] Autowiring by type from bean name 'welcomePageNotAcceptableHandlerMapping' via factory method to bean named 'mvcConversionService'
2025-08-19 11:04:40.772 [main] DEBUG o.s.b.f.s.DefaultListableBeanFactory - [registerDependentBeans] Autowiring by type from bean name 'welcomePageNotAcceptableHandlerMapping' via factory method to bean named 'mvcResourceUrlProvider'
2025-08-19 11:04:40.783 [main] DEBUG o.s.b.f.s.DefaultListableBeanFactory - [getSingleton] Creating shared instance of singleton bean 'localeResolver'
2025-08-19 11:04:40.786 [main] DEBUG o.s.b.f.s.DefaultListableBeanFactory - [getSingleton] Creating shared instance of singleton bean 'themeResolver'
2025-08-19 11:04:40.787 [main] DEBUG o.s.b.f.s.DefaultListableBeanFactory - [getSingleton] Creating shared instance of singleton bean 'flashMapManager'
2025-08-19 11:04:40.789 [main] DEBUG o.s.b.f.s.DefaultListableBeanFactory - [getSingleton] Creating shared instance of singleton bean 'viewNameTranslator'
2025-08-19 11:04:40.790 [main] DEBUG o.s.b.f.s.DefaultListableBeanFactory - [getSingleton] Creating shared instance of singleton bean 'mvcValidator'
2025-08-19 11:04:40.792 [main] DEBUG o.s.b.f.s.DefaultListableBeanFactory - [getSingleton] Creating shared instance of singleton bean 'mvcContentNegotiationManager'
2025-08-19 11:04:40.796 [main] DEBUG o.s.b.f.s.DefaultListableBeanFactory - [getSingleton] Creating shared instance of singleton bean 'requestMappingHandlerMapping'
2025-08-19 11:04:40.801 [main] DEBUG o.s.b.f.s.DefaultListableBeanFactory - [registerDependentBeans] Autowiring by type from bean name 'requestMappingHandlerMapping' via factory method to bean named 'mvcContentNegotiationManager'
2025-08-19 11:04:40.802 [main] DEBUG o.s.b.f.s.DefaultListableBeanFactory - [registerDependentBeans] Autowiring by type from bean name 'requestMappingHandlerMapping' via factory method to bean named 'mvcConversionService'
2025-08-19 11:04:40.802 [main] DEBUG o.s.b.f.s.DefaultListableBeanFactory - [registerDependentBeans] Autowiring by type from bean name 'requestMappingHandlerMapping' via factory method to bean named 'mvcResourceUrlProvider'
2025-08-19 11:04:40.862 [main] DEBUG _.s.w.s.HandlerMapping.Mappings - [detectHandlerMethods] 
	c.p.d.c.MainController:
	{POST [/api/main/scrubbing-logs]}: generate(JsonNode)
	{GET [/api/main/scrubbing-logs]}: pingGenerate(String)
	{POST [/callback/fail]}: getCleverTapFailResponse(JsonNode)
	{POST [/callback/success]}: getCleverTapSuccessResponse(String)
2025-08-19 11:04:40.876 [main] DEBUG _.s.w.s.HandlerMapping.Mappings - [detectHandlerMethods] 
	o.s.b.a.w.s.e.BasicErrorController:
	{ [/error]}: error(HttpServletRequest)
	{ [/error], produces [text/html]}: errorHtml(HttpServletRequest,HttpServletResponse)
2025-08-19 11:04:40.890 [main] DEBUG o.s.w.s.m.m.a.RequestMappingHandlerMapping - [handlerMethodsInitialized] 6 mappings in 'requestMappingHandlerMapping'
2025-08-19 11:04:40.892 [main] DEBUG o.s.b.f.s.DefaultListableBeanFactory - [getSingleton] Creating shared instance of singleton bean 'mvcPatternParser'
2025-08-19 11:04:40.893 [main] DEBUG o.s.b.f.s.DefaultListableBeanFactory - [getSingleton] Creating shared instance of singleton bean 'mvcUrlPathHelper'
2025-08-19 11:04:40.896 [main] DEBUG o.s.b.f.s.DefaultListableBeanFactory - [getSingleton] Creating shared instance of singleton bean 'mvcPathMatcher'
2025-08-19 11:04:40.898 [main] DEBUG o.s.b.f.s.DefaultListableBeanFactory - [getSingleton] Creating shared instance of singleton bean 'viewControllerHandlerMapping'
2025-08-19 11:04:40.899 [main] DEBUG o.s.b.f.s.DefaultListableBeanFactory - [registerDependentBeans] Autowiring by type from bean name 'viewControllerHandlerMapping' via factory method to bean named 'mvcConversionService'
2025-08-19 11:04:40.900 [main] DEBUG o.s.b.f.s.DefaultListableBeanFactory - [registerDependentBeans] Autowiring by type from bean name 'viewControllerHandlerMapping' via factory method to bean named 'mvcResourceUrlProvider'
2025-08-19 11:04:40.901 [main] DEBUG o.s.b.f.s.DefaultListableBeanFactory - [getSingleton] Creating shared instance of singleton bean 'beanNameHandlerMapping'
2025-08-19 11:04:40.902 [main] DEBUG o.s.b.f.s.DefaultListableBeanFactory - [registerDependentBeans] Autowiring by type from bean name 'beanNameHandlerMapping' via factory method to bean named 'mvcConversionService'
2025-08-19 11:04:40.902 [main] DEBUG o.s.b.f.s.DefaultListableBeanFactory - [registerDependentBeans] Autowiring by type from bean name 'beanNameHandlerMapping' via factory method to bean named 'mvcResourceUrlProvider'
2025-08-19 11:04:40.904 [main] DEBUG _.s.w.s.HandlerMapping.Mappings - [detectHandlers] 'beanNameHandlerMapping' {}
2025-08-19 11:04:40.906 [main] DEBUG o.s.b.f.s.DefaultListableBeanFactory - [getSingleton] Creating shared instance of singleton bean 'routerFunctionMapping'
2025-08-19 11:04:40.915 [main] DEBUG o.s.b.f.s.DefaultListableBeanFactory - [registerDependentBeans] Autowiring by type from bean name 'routerFunctionMapping' via factory method to bean named 'mvcConversionService'
2025-08-19 11:04:40.917 [main] DEBUG o.s.b.f.s.DefaultListableBeanFactory - [registerDependentBeans] Autowiring by type from bean name 'routerFunctionMapping' via factory method to bean named 'mvcResourceUrlProvider'
2025-08-19 11:04:40.920 [main] DEBUG o.s.b.f.s.DefaultListableBeanFactory - [getSingleton] Creating shared instance of singleton bean 'messageConverters'
2025-08-19 11:04:40.921 [main] DEBUG o.s.b.f.s.DefaultListableBeanFactory - [getSingleton] Creating shared instance of singleton bean 'org.springframework.boot.autoconfigure.http.HttpMessageConvertersAutoConfiguration'
2025-08-19 11:04:40.925 [main] DEBUG o.s.b.f.s.DefaultListableBeanFactory - [getSingleton] Creating shared instance of singleton bean 'stringHttpMessageConverter'
2025-08-19 11:04:40.927 [main] DEBUG o.s.b.f.s.DefaultListableBeanFactory - [getSingleton] Creating shared instance of singleton bean 'org.springframework.boot.autoconfigure.http.HttpMessageConvertersAutoConfiguration$StringHttpMessageConverterConfiguration'
2025-08-19 11:04:40.927 [main] DEBUG o.s.b.f.s.DefaultListableBeanFactory - [registerDependentBeans] Autowiring by type from bean name 'stringHttpMessageConverter' via factory method to bean named 'environment'
2025-08-19 11:04:40.940 [main] DEBUG o.s.b.f.s.DefaultListableBeanFactory - [getSingleton] Creating shared instance of singleton bean 'mappingJackson2HttpMessageConverter'
2025-08-19 11:04:40.942 [main] DEBUG o.s.b.f.s.DefaultListableBeanFactory - [getSingleton] Creating shared instance of singleton bean 'org.springframework.boot.autoconfigure.http.JacksonHttpMessageConvertersConfiguration$MappingJackson2HttpMessageConverterConfiguration'
2025-08-19 11:04:40.943 [main] DEBUG o.s.b.f.s.DefaultListableBeanFactory - [getSingleton] Creating shared instance of singleton bean 'jacksonObjectMapper'
2025-08-19 11:04:40.944 [main] DEBUG o.s.b.f.s.DefaultListableBeanFactory - [getSingleton] Creating shared instance of singleton bean 'org.springframework.boot.autoconfigure.jackson.JacksonAutoConfiguration$JacksonObjectMapperConfiguration'
2025-08-19 11:04:40.946 [main] DEBUG o.s.b.f.s.DefaultListableBeanFactory - [getSingleton] Creating shared instance of singleton bean 'org.springframework.boot.autoconfigure.jackson.JacksonAutoConfiguration$JacksonObjectMapperBuilderConfiguration'
2025-08-19 11:04:40.948 [main] DEBUG o.s.b.f.s.DefaultListableBeanFactory - [getSingleton] Creating shared instance of singleton bean 'standardJacksonObjectMapperBuilderCustomizer'
2025-08-19 11:04:40.951 [main] DEBUG o.s.b.f.s.DefaultListableBeanFactory - [getSingleton] Creating shared instance of singleton bean 'org.springframework.boot.autoconfigure.jackson.JacksonAutoConfiguration$Jackson2ObjectMapperBuilderCustomizerConfiguration'
2025-08-19 11:04:40.952 [main] DEBUG o.s.b.f.s.DefaultListableBeanFactory - [getSingleton] Creating shared instance of singleton bean 'spring.jackson-org.springframework.boot.autoconfigure.jackson.JacksonProperties'
2025-08-19 11:04:40.957 [main] DEBUG o.s.b.f.s.DefaultListableBeanFactory - [registerDependentBeans] Autowiring by type from bean name 'standardJacksonObjectMapperBuilderCustomizer' via factory method to bean named 'spring.jackson-org.springframework.boot.autoconfigure.jackson.JacksonProperties'
2025-08-19 11:04:40.960 [main] DEBUG o.s.b.f.s.DefaultListableBeanFactory - [getSingleton] Creating shared instance of singleton bean 'parameterNamesModule'
2025-08-19 11:04:40.962 [main] DEBUG o.s.b.f.s.DefaultListableBeanFactory - [getSingleton] Creating shared instance of singleton bean 'org.springframework.boot.autoconfigure.jackson.JacksonAutoConfiguration$ParameterNamesModuleConfiguration'
2025-08-19 11:04:40.973 [main] DEBUG o.s.b.f.s.DefaultListableBeanFactory - [getSingleton] Creating shared instance of singleton bean 'jsonMixinModule'
2025-08-19 11:04:40.974 [main] DEBUG o.s.b.f.s.DefaultListableBeanFactory - [getSingleton] Creating shared instance of singleton bean 'org.springframework.boot.autoconfigure.jackson.JacksonAutoConfiguration$JacksonMixinConfiguration'
2025-08-19 11:04:40.975 [main] DEBUG o.s.b.f.s.DefaultListableBeanFactory - [getSingleton] Creating shared instance of singleton bean 'jsonMixinModuleEntries'
2025-08-19 11:04:40.976 [main] DEBUG o.s.b.f.s.DefaultListableBeanFactory - [registerDependentBeans] Autowiring by type from bean name 'jsonMixinModuleEntries' via factory method to bean named 'org.springframework.web.context.support.GenericWebApplicationContext@1dab9dd6'
2025-08-19 11:04:40.977 [main] DEBUG o.s.b.a.AutoConfigurationPackages - [get] @EnableAutoConfiguration was declared on a class in the package 'com.pinnacle.dummyServlet'. Automatic @Repository and @Entity scanning is enabled.
2025-08-19 11:04:40.987 [main] DEBUG o.s.b.f.s.DefaultListableBeanFactory - [registerDependentBeans] Autowiring by type from bean name 'jsonMixinModule' via factory method to bean named 'org.springframework.web.context.support.GenericWebApplicationContext@1dab9dd6'
2025-08-19 11:04:40.990 [main] DEBUG o.s.b.f.s.DefaultListableBeanFactory - [registerDependentBeans] Autowiring by type from bean name 'jsonMixinModule' via factory method to bean named 'jsonMixinModuleEntries'
2025-08-19 11:04:41.000 [main] DEBUG o.s.b.f.s.DefaultListableBeanFactory - [getSingleton] Creating shared instance of singleton bean 'jsonComponentModule'
2025-08-19 11:04:41.001 [main] DEBUG o.s.b.f.s.DefaultListableBeanFactory - [getSingleton] Creating shared instance of singleton bean 'org.springframework.boot.autoconfigure.jackson.JacksonAutoConfiguration'
2025-08-19 11:04:41.006 [main] DEBUG o.s.b.f.s.DefaultListableBeanFactory - [registerDependentBeans] Autowiring by type from bean name 'jacksonObjectMapperBuilder' via factory method to bean named 'org.springframework.web.context.support.GenericWebApplicationContext@1dab9dd6'
2025-08-19 11:04:41.007 [main] DEBUG o.s.b.f.s.DefaultListableBeanFactory - [registerDependentBeans] Autowiring by type from bean name 'jacksonObjectMapperBuilder' via factory method to bean named 'standardJacksonObjectMapperBuilderCustomizer'
2025-08-19 11:04:41.011 [main] DEBUG o.s.b.f.s.DefaultListableBeanFactory - [registerDependentBeans] Autowiring by type from bean name 'jacksonObjectMapper' via factory method to bean named 'jacksonObjectMapperBuilder'
2025-08-19 11:04:41.025 [main] DEBUG o.s.b.f.s.DefaultListableBeanFactory - [registerDependentBeans] Autowiring by type from bean name 'mappingJackson2HttpMessageConverter' via factory method to bean named 'jacksonObjectMapper'
2025-08-19 11:04:41.038 [main] DEBUG o.s.b.f.s.DefaultListableBeanFactory - [getSingleton] Creating shared instance of singleton bean 'resourceHandlerMapping'
2025-08-19 11:04:41.039 [main] DEBUG o.s.b.f.s.DefaultListableBeanFactory - [registerDependentBeans] Autowiring by type from bean name 'resourceHandlerMapping' via factory method to bean named 'mvcContentNegotiationManager'
2025-08-19 11:04:41.039 [main] DEBUG o.s.b.f.s.DefaultListableBeanFactory - [registerDependentBeans] Autowiring by type from bean name 'resourceHandlerMapping' via factory method to bean named 'mvcConversionService'
2025-08-19 11:04:41.039 [main] DEBUG o.s.b.f.s.DefaultListableBeanFactory - [registerDependentBeans] Autowiring by type from bean name 'resourceHandlerMapping' via factory method to bean named 'mvcResourceUrlProvider'
2025-08-19 11:04:41.104 [main] DEBUG _.s.w.s.HandlerMapping.Mappings - [logMappings] 'resourceHandlerMapping' {/webjars/**=ResourceHttpRequestHandler [classpath [META-INF/resources/webjars/]], /**=ResourceHttpRequestHandler [classpath [META-INF/resources/], classpath [resources/], classpath [static/], classpath [public/], ServletContext [/]]}
2025-08-19 11:04:41.105 [main] DEBUG o.s.b.f.s.DefaultListableBeanFactory - [getSingleton] Creating shared instance of singleton bean 'defaultServletHandlerMapping'
2025-08-19 11:04:41.106 [main] DEBUG o.s.b.f.s.DefaultListableBeanFactory - [getSingleton] Creating shared instance of singleton bean 'requestMappingHandlerAdapter'
2025-08-19 11:04:41.106 [main] DEBUG o.s.b.f.s.DefaultListableBeanFactory - [registerDependentBeans] Autowiring by type from bean name 'requestMappingHandlerAdapter' via factory method to bean named 'mvcContentNegotiationManager'
2025-08-19 11:04:41.107 [main] DEBUG o.s.b.f.s.DefaultListableBeanFactory - [registerDependentBeans] Autowiring by type from bean name 'requestMappingHandlerAdapter' via factory method to bean named 'mvcConversionService'
2025-08-19 11:04:41.107 [main] DEBUG o.s.b.f.s.DefaultListableBeanFactory - [registerDependentBeans] Autowiring by type from bean name 'requestMappingHandlerAdapter' via factory method to bean named 'mvcValidator'
2025-08-19 11:04:41.135 [main] DEBUG o.s.w.s.m.m.a.RequestMappingHandlerAdapter - [initControllerAdviceCache] ControllerAdvice beans: 0 @ModelAttribute, 0 @InitBinder, 1 RequestBodyAdvice, 1 ResponseBodyAdvice
2025-08-19 11:04:41.160 [main] DEBUG o.s.b.f.s.DefaultListableBeanFactory - [getSingleton] Creating shared instance of singleton bean 'mvcViewResolver'
2025-08-19 11:04:41.161 [main] DEBUG o.s.b.f.s.DefaultListableBeanFactory - [registerDependentBeans] Autowiring by type from bean name 'mvcViewResolver' via factory method to bean named 'mvcContentNegotiationManager'
2025-08-19 11:04:41.163 [main] DEBUG o.s.b.f.s.DefaultListableBeanFactory - [getSingleton] Creating shared instance of singleton bean 'defaultViewResolver'
2025-08-19 11:04:41.167 [main] DEBUG o.s.b.f.s.DefaultListableBeanFactory - [getSingleton] Creating shared instance of singleton bean 'viewResolver'
2025-08-19 11:04:41.168 [main] DEBUG o.s.b.f.s.DefaultListableBeanFactory - [registerDependentBeans] Autowiring by type from bean name 'viewResolver' via factory method to bean named 'org.springframework.beans.factory.support.DefaultListableBeanFactory@630d1b2f'
2025-08-19 11:04:41.170 [main] DEBUG o.s.b.f.s.DefaultListableBeanFactory - [getSingleton] Creating shared instance of singleton bean 'viewResolver'
2025-08-19 11:04:41.182 [main] DEBUG o.s.b.f.s.DefaultListableBeanFactory - [getSingleton] Creating shared instance of singleton bean 'handlerFunctionAdapter'
2025-08-19 11:04:41.184 [main] DEBUG o.s.b.f.s.DefaultListableBeanFactory - [getSingleton] Creating shared instance of singleton bean 'mvcUriComponentsContributor'
2025-08-19 11:04:41.185 [main] DEBUG o.s.b.f.s.DefaultListableBeanFactory - [registerDependentBeans] Autowiring by type from bean name 'mvcUriComponentsContributor' via factory method to bean named 'mvcConversionService'
2025-08-19 11:04:41.185 [main] DEBUG o.s.b.f.s.DefaultListableBeanFactory - [registerDependentBeans] Autowiring by type from bean name 'mvcUriComponentsContributor' via factory method to bean named 'requestMappingHandlerAdapter'
2025-08-19 11:04:41.190 [main] DEBUG o.s.b.f.s.DefaultListableBeanFactory - [getSingleton] Creating shared instance of singleton bean 'httpRequestHandlerAdapter'
2025-08-19 11:04:41.191 [main] DEBUG o.s.b.f.s.DefaultListableBeanFactory - [getSingleton] Creating shared instance of singleton bean 'simpleControllerHandlerAdapter'
2025-08-19 11:04:41.192 [main] DEBUG o.s.b.f.s.DefaultListableBeanFactory - [getSingleton] Creating shared instance of singleton bean 'handlerExceptionResolver'
2025-08-19 11:04:41.193 [main] DEBUG o.s.b.f.s.DefaultListableBeanFactory - [registerDependentBeans] Autowiring by type from bean name 'handlerExceptionResolver' via factory method to bean named 'mvcContentNegotiationManager'
2025-08-19 11:04:41.199 [main] DEBUG o.s.w.s.m.m.a.ExceptionHandlerExceptionResolver - [initExceptionHandlerAdviceCache] ControllerAdvice beans: 0 @ExceptionHandler, 1 ResponseBodyAdvice
2025-08-19 11:04:41.209 [main] DEBUG o.s.b.f.s.DefaultListableBeanFactory - [getSingleton] Creating shared instance of singleton bean 'requestContextFilter'
2025-08-19 11:04:41.213 [main] DEBUG o.s.b.f.s.DefaultListableBeanFactory - [getSingleton] Creating shared instance of singleton bean 'org.springframework.boot.autoconfigure.web.servlet.WebMvcAutoConfiguration'
2025-08-19 11:04:41.214 [main] DEBUG o.s.b.f.s.DefaultListableBeanFactory - [getSingleton] Creating shared instance of singleton bean 'formContentFilter'
2025-08-19 11:04:41.218 [main] DEBUG o.s.b.f.s.DefaultListableBeanFactory - [getSingleton] Creating shared instance of singleton bean 'org.springframework.boot.autoconfigure.aop.AopAutoConfiguration$ClassProxyingConfiguration'
2025-08-19 11:04:41.219 [main] DEBUG o.s.b.f.s.DefaultListableBeanFactory - [getSingleton] Creating shared instance of singleton bean 'org.springframework.boot.autoconfigure.aop.AopAutoConfiguration'
2025-08-19 11:04:41.220 [main] DEBUG o.s.b.f.s.DefaultListableBeanFactory - [getSingleton] Creating shared instance of singleton bean 'org.springframework.boot.autoconfigure.availability.ApplicationAvailabilityAutoConfiguration'
2025-08-19 11:04:41.221 [main] DEBUG o.s.b.f.s.DefaultListableBeanFactory - [getSingleton] Creating shared instance of singleton bean 'applicationAvailability'
2025-08-19 11:04:41.223 [main] DEBUG o.s.b.f.s.DefaultListableBeanFactory - [getSingleton] Creating shared instance of singleton bean 'org.springframework.boot.autoconfigure.context.ConfigurationPropertiesAutoConfiguration'
2025-08-19 11:04:41.224 [main] DEBUG o.s.b.f.s.DefaultListableBeanFactory - [getSingleton] Creating shared instance of singleton bean 'org.springframework.boot.autoconfigure.context.LifecycleAutoConfiguration'
2025-08-19 11:04:41.225 [main] DEBUG o.s.b.f.s.DefaultListableBeanFactory - [getSingleton] Creating shared instance of singleton bean 'lifecycleProcessor'
2025-08-19 11:04:41.225 [main] DEBUG o.s.b.f.s.DefaultListableBeanFactory - [getSingleton] Creating shared instance of singleton bean 'spring.lifecycle-org.springframework.boot.autoconfigure.context.LifecycleProperties'
2025-08-19 11:04:41.227 [main] DEBUG o.s.b.f.s.DefaultListableBeanFactory - [registerDependentBeans] Autowiring by type from bean name 'lifecycleProcessor' via factory method to bean named 'spring.lifecycle-org.springframework.boot.autoconfigure.context.LifecycleProperties'
2025-08-19 11:04:41.230 [main] DEBUG o.s.b.f.s.DefaultListableBeanFactory - [getSingleton] Creating shared instance of singleton bean 'org.springframework.boot.autoconfigure.http.JacksonHttpMessageConvertersConfiguration'
2025-08-19 11:04:41.231 [main] DEBUG o.s.b.f.s.DefaultListableBeanFactory - [getSingleton] Creating shared instance of singleton bean 'org.springframework.boot.autoconfigure.http.client.HttpClientAutoConfiguration'
2025-08-19 11:04:41.231 [main] DEBUG o.s.b.f.s.DefaultListableBeanFactory - [getSingleton] Creating shared instance of singleton bean 'spring.http.client-org.springframework.boot.autoconfigure.http.client.HttpClientProperties'
2025-08-19 11:04:41.245 [main] DEBUG o.s.b.f.s.DefaultListableBeanFactory - [registerDependentBeans] Autowiring by type from bean name 'org.springframework.boot.autoconfigure.http.client.HttpClientAutoConfiguration' via constructor to bean named 'spring.http.client-org.springframework.boot.autoconfigure.http.client.HttpClientProperties'
2025-08-19 11:04:41.245 [main] DEBUG o.s.b.f.s.DefaultListableBeanFactory - [getSingleton] Creating shared instance of singleton bean 'clientHttpRequestFactoryBuilder'
2025-08-19 11:04:41.259 [main] DEBUG o.s.b.f.s.DefaultListableBeanFactory - [getSingleton] Creating shared instance of singleton bean 'clientHttpRequestFactorySettings'
2025-08-19 11:04:41.262 [main] DEBUG o.s.b.f.s.DefaultListableBeanFactory - [getSingleton] Creating shared instance of singleton bean 'org.springframework.boot.autoconfigure.info.ProjectInfoAutoConfiguration'
2025-08-19 11:04:41.265 [main] DEBUG o.s.b.f.s.DefaultListableBeanFactory - [getSingleton] Creating shared instance of singleton bean 'spring.info-org.springframework.boot.autoconfigure.info.ProjectInfoProperties'
2025-08-19 11:04:41.268 [main] DEBUG o.s.b.f.s.DefaultListableBeanFactory - [registerDependentBeans] Autowiring by type from bean name 'org.springframework.boot.autoconfigure.info.ProjectInfoAutoConfiguration' via constructor to bean named 'spring.info-org.springframework.boot.autoconfigure.info.ProjectInfoProperties'
2025-08-19 11:04:41.269 [main] DEBUG o.s.b.f.s.DefaultListableBeanFactory - [getSingleton] Creating shared instance of singleton bean 'org.springframework.boot.autoconfigure.sql.init.SqlInitializationAutoConfiguration'
2025-08-19 11:04:41.270 [main] DEBUG o.s.b.f.s.DefaultListableBeanFactory - [getSingleton] Creating shared instance of singleton bean 'spring.sql.init-org.springframework.boot.autoconfigure.sql.init.SqlInitializationProperties'
2025-08-19 11:04:41.272 [main] DEBUG o.s.b.f.s.DefaultListableBeanFactory - [getSingleton] Creating shared instance of singleton bean 'org.springframework.boot.autoconfigure.task.TaskSchedulingConfigurations$ThreadPoolTaskSchedulerBuilderConfiguration'
2025-08-19 11:04:41.274 [main] DEBUG o.s.b.f.s.DefaultListableBeanFactory - [getSingleton] Creating shared instance of singleton bean 'threadPoolTaskSchedulerBuilder'
2025-08-19 11:04:41.276 [main] DEBUG o.s.b.f.s.DefaultListableBeanFactory - [getSingleton] Creating shared instance of singleton bean 'spring.task.scheduling-org.springframework.boot.autoconfigure.task.TaskSchedulingProperties'
2025-08-19 11:04:41.278 [main] DEBUG o.s.b.f.s.DefaultListableBeanFactory - [registerDependentBeans] Autowiring by type from bean name 'threadPoolTaskSchedulerBuilder' via factory method to bean named 'spring.task.scheduling-org.springframework.boot.autoconfigure.task.TaskSchedulingProperties'
2025-08-19 11:04:41.285 [main] DEBUG o.s.b.f.s.DefaultListableBeanFactory - [getSingleton] Creating shared instance of singleton bean 'org.springframework.boot.autoconfigure.task.TaskSchedulingConfigurations$SimpleAsyncTaskSchedulerBuilderConfiguration'
2025-08-19 11:04:41.288 [main] DEBUG o.s.b.f.s.DefaultListableBeanFactory - [registerDependentBeans] Autowiring by type from bean name 'org.springframework.boot.autoconfigure.task.TaskSchedulingConfigurations$SimpleAsyncTaskSchedulerBuilderConfiguration' via constructor to bean named 'spring.task.scheduling-org.springframework.boot.autoconfigure.task.TaskSchedulingProperties'
2025-08-19 11:04:41.289 [main] DEBUG o.s.b.f.s.DefaultListableBeanFactory - [getSingleton] Creating shared instance of singleton bean 'simpleAsyncTaskSchedulerBuilder'
2025-08-19 11:04:41.298 [main] DEBUG o.s.b.f.s.DefaultListableBeanFactory - [getSingleton] Creating shared instance of singleton bean 'org.springframework.boot.autoconfigure.task.TaskSchedulingAutoConfiguration'
2025-08-19 11:04:41.300 [main] DEBUG o.s.b.f.s.DefaultListableBeanFactory - [getSingleton] Creating shared instance of singleton bean 'org.springframework.boot.autoconfigure.web.client.RestClientAutoConfiguration'
2025-08-19 11:04:41.300 [main] DEBUG o.s.b.f.s.DefaultListableBeanFactory - [getSingleton] Creating shared instance of singleton bean 'httpMessageConvertersRestClientCustomizer'
2025-08-19 11:04:41.302 [main] DEBUG o.s.b.f.s.DefaultListableBeanFactory - [getSingleton] Creating shared instance of singleton bean 'restClientSsl'
2025-08-19 11:04:41.302 [main] DEBUG o.s.b.f.s.DefaultListableBeanFactory - [registerDependentBeans] Autowiring by type from bean name 'restClientSsl' via factory method to bean named 'sslBundleRegistry'
2025-08-19 11:04:41.306 [main] DEBUG o.s.b.f.s.DefaultListableBeanFactory - [getSingleton] Creating shared instance of singleton bean 'restClientBuilderConfigurer'
2025-08-19 11:04:41.308 [main] DEBUG o.s.b.f.s.DefaultListableBeanFactory - [getSingleton] Creating shared instance of singleton bean 'org.springframework.boot.autoconfigure.web.client.RestTemplateAutoConfiguration'
2025-08-19 11:04:41.309 [main] DEBUG o.s.b.f.s.DefaultListableBeanFactory - [getSingleton] Creating shared instance of singleton bean 'characterEncodingFilter'
2025-08-19 11:04:41.311 [main] DEBUG o.s.b.f.s.DefaultListableBeanFactory - [getSingleton] Creating shared instance of singleton bean 'multipartResolver'
2025-08-19 11:04:41.336 [main] DEBUG o.s.c.s.DefaultLifecycleProcessor - [start] Starting beans in phase -2147483647
2025-08-19 11:04:41.337 [main] DEBUG o.s.c.s.DefaultLifecycleProcessor - [doStart] Successfully started bean 'springBootLoggingLifecycle'
2025-08-19 11:04:41.337 [main] DEBUG o.s.c.s.DefaultLifecycleProcessor - [start] Starting beans in phase 1073741823
2025-08-19 11:04:41.368 [main] DEBUG o.s.b.a.l.ConditionEvaluationReportLogger - [logReport] 


============================
CONDITIONS EVALUATION REPORT
============================


Positive matches:
-----------------

   AopAutoConfiguration matched:
      - @ConditionalOnBooleanProperty (spring.aop.auto=true) matched (OnPropertyCondition)

   AopAutoConfiguration.ClassProxyingConfiguration matched:
      - @ConditionalOnMissingClass did not find unwanted class 'org.aspectj.weaver.Advice' (OnClassCondition)
      - @ConditionalOnBooleanProperty (spring.aop.proxy-target-class=true) matched (OnPropertyCondition)

   ApplicationAvailabilityAutoConfiguration#applicationAvailability matched:
      - @ConditionalOnMissingBean (types: org.springframework.boot.availability.ApplicationAvailability; SearchStrategy: all) did not find any beans (OnBeanCondition)

   DispatcherServletAutoConfiguration matched:
      - @ConditionalOnClass found required class 'org.springframework.web.servlet.DispatcherServlet' (OnClassCondition)
      - found 'session' scope (OnWebApplicationCondition)

   DispatcherServletAutoConfiguration.DispatcherServletConfiguration matched:
      - @ConditionalOnClass found required class 'jakarta.servlet.ServletRegistration' (OnClassCondition)
      - Default DispatcherServlet did not find dispatcher servlet beans (DispatcherServletAutoConfiguration.DefaultDispatcherServletCondition)

   DispatcherServletAutoConfiguration.DispatcherServletRegistrationConfiguration matched:
      - @ConditionalOnClass found required class 'jakarta.servlet.ServletRegistration' (OnClassCondition)
      - DispatcherServlet Registration did not find servlet registration bean (DispatcherServletAutoConfiguration.DispatcherServletRegistrationCondition)

   DispatcherServletAutoConfiguration.DispatcherServletRegistrationConfiguration#dispatcherServletRegistration matched:
      - @ConditionalOnBean (names: dispatcherServlet types: org.springframework.web.servlet.DispatcherServlet; SearchStrategy: all) found bean 'dispatcherServlet' (OnBeanCondition)

   ErrorMvcAutoConfiguration matched:
      - @ConditionalOnClass found required classes 'jakarta.servlet.Servlet', 'org.springframework.web.servlet.DispatcherServlet' (OnClassCondition)
      - found 'session' scope (OnWebApplicationCondition)

   ErrorMvcAutoConfiguration#basicErrorController matched:
      - @ConditionalOnMissingBean (types: org.springframework.boot.web.servlet.error.ErrorController; SearchStrategy: current) did not find any beans (OnBeanCondition)

   ErrorMvcAutoConfiguration#errorAttributes matched:
      - @ConditionalOnMissingBean (types: org.springframework.boot.web.servlet.error.ErrorAttributes; SearchStrategy: current) did not find any beans (OnBeanCondition)

   ErrorMvcAutoConfiguration.DefaultErrorViewResolverConfiguration#conventionErrorViewResolver matched:
      - @ConditionalOnBean (types: org.springframework.web.servlet.DispatcherServlet; SearchStrategy: all) found bean 'dispatcherServlet'; @ConditionalOnMissingBean (types: org.springframework.boot.autoconfigure.web.servlet.error.ErrorViewResolver; SearchStrategy: all) did not find any beans (OnBeanCondition)

   ErrorMvcAutoConfiguration.WhitelabelErrorViewConfiguration matched:
      - @ConditionalOnBooleanProperty (server.error.whitelabel.enabled=true) matched (OnPropertyCondition)
      - ErrorTemplate Missing did not find error template view (ErrorMvcAutoConfiguration.ErrorTemplateMissingCondition)

   ErrorMvcAutoConfiguration.WhitelabelErrorViewConfiguration#beanNameViewResolver matched:
      - @ConditionalOnMissingBean (types: org.springframework.web.servlet.view.BeanNameViewResolver; SearchStrategy: all) did not find any beans (OnBeanCondition)

   ErrorMvcAutoConfiguration.WhitelabelErrorViewConfiguration#defaultErrorView matched:
      - @ConditionalOnMissingBean (names: error; SearchStrategy: all) did not find any beans (OnBeanCondition)

   GenericCacheConfiguration matched:
      - Cache org.springframework.boot.autoconfigure.cache.GenericCacheConfiguration automatic cache type (CacheCondition)

   HttpClientAutoConfiguration matched:
      - @ConditionalOnClass found required class 'org.springframework.http.client.ClientHttpRequestFactory' (OnClassCondition)
      - NoneNestedConditions 0 matched 1 did not; NestedCondition on NotReactiveWebApplicationCondition.ReactiveWebApplication did not find reactive web application classes (NotReactiveWebApplicationCondition)

   HttpClientAutoConfiguration#clientHttpRequestFactoryBuilder matched:
      - @ConditionalOnMissingBean (types: org.springframework.boot.http.client.ClientHttpRequestFactoryBuilder<?>; SearchStrategy: all) did not find any beans (OnBeanCondition)

   HttpClientAutoConfiguration#clientHttpRequestFactorySettings matched:
      - @ConditionalOnMissingBean (types: org.springframework.boot.http.client.ClientHttpRequestFactorySettings; SearchStrategy: all) did not find any beans (OnBeanCondition)

   HttpEncodingAutoConfiguration matched:
      - @ConditionalOnClass found required class 'org.springframework.web.filter.CharacterEncodingFilter' (OnClassCondition)
      - found 'session' scope (OnWebApplicationCondition)
      - @ConditionalOnBooleanProperty (server.servlet.encoding.enabled=true) matched (OnPropertyCondition)

   HttpEncodingAutoConfiguration#characterEncodingFilter matched:
      - @ConditionalOnMissingBean (types: org.springframework.web.filter.CharacterEncodingFilter; SearchStrategy: all) did not find any beans (OnBeanCondition)

   HttpMessageConvertersAutoConfiguration matched:
      - @ConditionalOnClass found required class 'org.springframework.http.converter.HttpMessageConverter' (OnClassCondition)
      - NoneNestedConditions 0 matched 1 did not; NestedCondition on HttpMessageConvertersAutoConfiguration.NotReactiveWebApplicationCondition.ReactiveWebApplication did not find reactive web application classes (HttpMessageConvertersAutoConfiguration.NotReactiveWebApplicationCondition)

   HttpMessageConvertersAutoConfiguration#messageConverters matched:
      - @ConditionalOnMissingBean (types: org.springframework.boot.autoconfigure.http.HttpMessageConverters; SearchStrategy: all) did not find any beans (OnBeanCondition)

   HttpMessageConvertersAutoConfiguration.StringHttpMessageConverterConfiguration matched:
      - @ConditionalOnClass found required class 'org.springframework.http.converter.StringHttpMessageConverter' (OnClassCondition)

   HttpMessageConvertersAutoConfiguration.StringHttpMessageConverterConfiguration#stringHttpMessageConverter matched:
      - @ConditionalOnMissingBean (types: org.springframework.http.converter.StringHttpMessageConverter; SearchStrategy: all) did not find any beans (OnBeanCondition)

   JacksonAutoConfiguration matched:
      - @ConditionalOnClass found required class 'com.fasterxml.jackson.databind.ObjectMapper' (OnClassCondition)

   JacksonAutoConfiguration.Jackson2ObjectMapperBuilderCustomizerConfiguration matched:
      - @ConditionalOnClass found required class 'org.springframework.http.converter.json.Jackson2ObjectMapperBuilder' (OnClassCondition)

   JacksonAutoConfiguration.JacksonObjectMapperBuilderConfiguration matched:
      - @ConditionalOnClass found required class 'org.springframework.http.converter.json.Jackson2ObjectMapperBuilder' (OnClassCondition)

   JacksonAutoConfiguration.JacksonObjectMapperBuilderConfiguration#jacksonObjectMapperBuilder matched:
      - @ConditionalOnMissingBean (types: org.springframework.http.converter.json.Jackson2ObjectMapperBuilder; SearchStrategy: all) did not find any beans (OnBeanCondition)

   JacksonAutoConfiguration.JacksonObjectMapperConfiguration matched:
      - @ConditionalOnClass found required class 'org.springframework.http.converter.json.Jackson2ObjectMapperBuilder' (OnClassCondition)

   JacksonAutoConfiguration.JacksonObjectMapperConfiguration#jacksonObjectMapper matched:
      - @ConditionalOnMissingBean (types: com.fasterxml.jackson.databind.ObjectMapper; SearchStrategy: all) did not find any beans (OnBeanCondition)

   JacksonAutoConfiguration.ParameterNamesModuleConfiguration matched:
      - @ConditionalOnClass found required class 'com.fasterxml.jackson.module.paramnames.ParameterNamesModule' (OnClassCondition)

   JacksonAutoConfiguration.ParameterNamesModuleConfiguration#parameterNamesModule matched:
      - @ConditionalOnMissingBean (types: com.fasterxml.jackson.module.paramnames.ParameterNamesModule; SearchStrategy: all) did not find any beans (OnBeanCondition)

   JacksonHttpMessageConvertersConfiguration.MappingJackson2HttpMessageConverterConfiguration matched:
      - @ConditionalOnClass found required class 'com.fasterxml.jackson.databind.ObjectMapper' (OnClassCondition)
      - @ConditionalOnPreferredJsonMapper JACKSON no property was configured and Jackson is the default (OnPreferredJsonMapperCondition)
      - @ConditionalOnBean (types: com.fasterxml.jackson.databind.ObjectMapper; SearchStrategy: all) found bean 'jacksonObjectMapper' (OnBeanCondition)

   JacksonHttpMessageConvertersConfiguration.MappingJackson2HttpMessageConverterConfiguration#mappingJackson2HttpMessageConverter matched:
      - @ConditionalOnMissingBean (types: org.springframework.http.converter.json.MappingJackson2HttpMessageConverter ignored: ?; SearchStrategy: all) did not find any beans (OnBeanCondition)

   LifecycleAutoConfiguration#defaultLifecycleProcessor matched:
      - @ConditionalOnMissingBean (names: lifecycleProcessor; SearchStrategy: current) did not find any beans (OnBeanCondition)

   MultipartAutoConfiguration matched:
      - @ConditionalOnClass found required classes 'jakarta.servlet.Servlet', 'org.springframework.web.multipart.support.StandardServletMultipartResolver', 'jakarta.servlet.MultipartConfigElement' (OnClassCondition)
      - found 'session' scope (OnWebApplicationCondition)
      - @ConditionalOnBooleanProperty (spring.servlet.multipart.enabled=true) matched (OnPropertyCondition)

   MultipartAutoConfiguration#multipartConfigElement matched:
      - @ConditionalOnMissingBean (types: jakarta.servlet.MultipartConfigElement; SearchStrategy: all) did not find any beans (OnBeanCondition)

   MultipartAutoConfiguration#multipartResolver matched:
      - @ConditionalOnMissingBean (types: org.springframework.web.multipart.MultipartResolver; SearchStrategy: all) did not find any beans (OnBeanCondition)

   NoOpCacheConfiguration matched:
      - Cache org.springframework.boot.autoconfigure.cache.NoOpCacheConfiguration automatic cache type (CacheCondition)

   PropertyPlaceholderAutoConfiguration#propertySourcesPlaceholderConfigurer matched:
      - @ConditionalOnMissingBean (types: org.springframework.context.support.PropertySourcesPlaceholderConfigurer; SearchStrategy: current) did not find any beans (OnBeanCondition)

   RestClientAutoConfiguration matched:
      - @ConditionalOnClass found required class 'org.springframework.web.client.RestClient' (OnClassCondition)
      - AnyNestedCondition 1 matched 1 did not; NestedCondition on NotReactiveWebApplicationOrVirtualThreadsExecutorEnabledCondition.VirtualThreadsExecutorEnabled found non-matching nested conditions @ConditionalOnThreading did not find VIRTUAL; NestedCondition on NotReactiveWebApplicationOrVirtualThreadsExecutorEnabledCondition.NotReactiveWebApplication NoneNestedConditions 0 matched 1 did not; NestedCondition on NotReactiveWebApplicationCondition.ReactiveWebApplication did not find reactive web application classes (NotReactiveWebApplicationOrVirtualThreadsExecutorEnabledCondition)

   RestClientAutoConfiguration#httpMessageConvertersRestClientCustomizer matched:
      - @ConditionalOnMissingBean (types: org.springframework.boot.autoconfigure.web.client.HttpMessageConvertersRestClientCustomizer; SearchStrategy: all) did not find any beans (OnBeanCondition)

   RestClientAutoConfiguration#restClientBuilder matched:
      - @ConditionalOnMissingBean (types: org.springframework.web.client.RestClient$Builder; SearchStrategy: all) did not find any beans (OnBeanCondition)

   RestClientAutoConfiguration#restClientBuilderConfigurer matched:
      - @ConditionalOnMissingBean (types: org.springframework.boot.autoconfigure.web.client.RestClientBuilderConfigurer; SearchStrategy: all) did not find any beans (OnBeanCondition)

   RestClientAutoConfiguration#restClientSsl matched:
      - @ConditionalOnBean (types: org.springframework.boot.ssl.SslBundles; SearchStrategy: all) found bean 'sslBundleRegistry'; @ConditionalOnMissingBean (types: org.springframework.boot.autoconfigure.web.client.RestClientSsl; SearchStrategy: all) did not find any beans (OnBeanCondition)

   RestTemplateAutoConfiguration matched:
      - @ConditionalOnClass found required class 'org.springframework.web.client.RestTemplate' (OnClassCondition)
      - NoneNestedConditions 0 matched 1 did not; NestedCondition on NotReactiveWebApplicationCondition.ReactiveWebApplication did not find reactive web application classes (NotReactiveWebApplicationCondition)

   RestTemplateAutoConfiguration#restTemplateBuilder matched:
      - @ConditionalOnMissingBean (types: org.springframework.boot.web.client.RestTemplateBuilder; SearchStrategy: all) did not find any beans (OnBeanCondition)

   ServletWebServerFactoryAutoConfiguration matched:
      - @ConditionalOnClass found required class 'jakarta.servlet.ServletRequest' (OnClassCondition)
      - found 'session' scope (OnWebApplicationCondition)

   ServletWebServerFactoryAutoConfiguration#tomcatServletWebServerFactoryCustomizer matched:
      - @ConditionalOnClass found required class 'org.apache.catalina.startup.Tomcat' (OnClassCondition)

   ServletWebServerFactoryConfiguration.EmbeddedTomcat matched:
      - @ConditionalOnClass found required classes 'jakarta.servlet.Servlet', 'org.apache.catalina.startup.Tomcat', 'org.apache.coyote.UpgradeProtocol' (OnClassCondition)
      - @ConditionalOnMissingBean (types: org.springframework.boot.web.servlet.server.ServletWebServerFactory; SearchStrategy: current) did not find any beans (OnBeanCondition)

   SimpleCacheConfiguration matched:
      - Cache org.springframework.boot.autoconfigure.cache.SimpleCacheConfiguration automatic cache type (CacheCondition)

   SqlInitializationAutoConfiguration matched:
      - @ConditionalOnBooleanProperty (spring.sql.init.enabled=true) matched (OnPropertyCondition)
      - NoneNestedConditions 0 matched 1 did not; NestedCondition on SqlInitializationAutoConfiguration.SqlInitializationModeCondition.ModeIsNever @ConditionalOnProperty (spring.sql.init.mode=never) did not find property 'spring.sql.init.mode' (SqlInitializationAutoConfiguration.SqlInitializationModeCondition)

   SslAutoConfiguration#sslBundleRegistry matched:
      - @ConditionalOnMissingBean (types: org.springframework.boot.ssl.SslBundleRegistry,org.springframework.boot.ssl.SslBundles; SearchStrategy: all) did not find any beans (OnBeanCondition)

   TaskExecutionAutoConfiguration matched:
      - @ConditionalOnClass found required class 'org.springframework.scheduling.concurrent.ThreadPoolTaskExecutor' (OnClassCondition)

   TaskExecutorConfigurations.AsyncConfigurerConfiguration matched:
      - @ConditionalOnMissingBean (types: org.springframework.scheduling.annotation.AsyncConfigurer; SearchStrategy: all) did not find any beans (OnBeanCondition)

   TaskExecutorConfigurations.AsyncConfigurerConfiguration#applicationTaskExecutorAsyncConfigurer matched:
      - @ConditionalOnMissingBean (types: org.springframework.scheduling.annotation.AsyncConfigurer; SearchStrategy: all) did not find any beans (OnBeanCondition)

   TaskExecutorConfigurations.SimpleAsyncTaskExecutorBuilderConfiguration#simpleAsyncTaskExecutorBuilder matched:
      - @ConditionalOnMissingBean (types: org.springframework.boot.task.SimpleAsyncTaskExecutorBuilder; SearchStrategy: all) did not find any beans (OnBeanCondition)
      - @ConditionalOnThreading found PLATFORM (OnThreadingCondition)

   TaskExecutorConfigurations.TaskExecutorConfiguration matched:
      - AnyNestedCondition 1 matched 1 did not; NestedCondition on TaskExecutorConfigurations.OnExecutorCondition.ModelCondition @ConditionalOnProperty (spring.task.execution.mode=force) did not find property 'spring.task.execution.mode'; NestedCondition on TaskExecutorConfigurations.OnExecutorCondition.ExecutorBeanCondition @ConditionalOnMissingBean (types: java.util.concurrent.Executor; SearchStrategy: all) did not find any beans (TaskExecutorConfigurations.OnExecutorCondition)

   TaskExecutorConfigurations.TaskExecutorConfiguration#applicationTaskExecutor matched:
      - @ConditionalOnThreading found PLATFORM (OnThreadingCondition)

   TaskExecutorConfigurations.ThreadPoolTaskExecutorBuilderConfiguration#threadPoolTaskExecutorBuilder matched:
      - @ConditionalOnMissingBean (types: org.springframework.boot.task.ThreadPoolTaskExecutorBuilder; SearchStrategy: all) did not find any beans (OnBeanCondition)

   TaskSchedulingAutoConfiguration matched:
      - @ConditionalOnClass found required class 'org.springframework.scheduling.concurrent.ThreadPoolTaskScheduler' (OnClassCondition)

   TaskSchedulingConfigurations.SimpleAsyncTaskSchedulerBuilderConfiguration#simpleAsyncTaskSchedulerBuilder matched:
      - @ConditionalOnMissingBean (types: org.springframework.boot.task.SimpleAsyncTaskSchedulerBuilder; SearchStrategy: all) did not find any beans (OnBeanCondition)
      - @ConditionalOnThreading found PLATFORM (OnThreadingCondition)

   TaskSchedulingConfigurations.ThreadPoolTaskSchedulerBuilderConfiguration#threadPoolTaskSchedulerBuilder matched:
      - @ConditionalOnMissingBean (types: org.springframework.boot.task.ThreadPoolTaskSchedulerBuilder; SearchStrategy: all) did not find any beans (OnBeanCondition)

   WebMvcAutoConfiguration matched:
      - @ConditionalOnClass found required classes 'jakarta.servlet.Servlet', 'org.springframework.web.servlet.DispatcherServlet', 'org.springframework.web.servlet.config.annotation.WebMvcConfigurer' (OnClassCondition)
      - found 'session' scope (OnWebApplicationCondition)
      - @ConditionalOnMissingBean (types: org.springframework.web.servlet.config.annotation.WebMvcConfigurationSupport; SearchStrategy: all) did not find any beans (OnBeanCondition)

   WebMvcAutoConfiguration#formContentFilter matched:
      - @ConditionalOnBooleanProperty (spring.mvc.formcontent.filter.enabled=true) matched (OnPropertyCondition)
      - @ConditionalOnMissingBean (types: org.springframework.web.filter.FormContentFilter; SearchStrategy: all) did not find any beans (OnBeanCondition)

   WebMvcAutoConfiguration.EnableWebMvcConfiguration#flashMapManager matched:
      - @ConditionalOnMissingBean (names: flashMapManager; SearchStrategy: all) did not find any beans (OnBeanCondition)

   WebMvcAutoConfiguration.EnableWebMvcConfiguration#localeResolver matched:
      - @ConditionalOnMissingBean (names: localeResolver; SearchStrategy: all) did not find any beans (OnBeanCondition)

   WebMvcAutoConfiguration.EnableWebMvcConfiguration#themeResolver matched:
      - @ConditionalOnMissingBean (names: themeResolver; SearchStrategy: all) did not find any beans (OnBeanCondition)

   WebMvcAutoConfiguration.EnableWebMvcConfiguration#viewNameTranslator matched:
      - @ConditionalOnMissingBean (names: viewNameTranslator; SearchStrategy: all) did not find any beans (OnBeanCondition)

   WebMvcAutoConfiguration.WebMvcAutoConfigurationAdapter#defaultViewResolver matched:
      - @ConditionalOnMissingBean (types: org.springframework.web.servlet.view.InternalResourceViewResolver; SearchStrategy: all) did not find any beans (OnBeanCondition)

   WebMvcAutoConfiguration.WebMvcAutoConfigurationAdapter#requestContextFilter matched:
      - @ConditionalOnMissingBean (types: org.springframework.web.context.request.RequestContextListener,org.springframework.web.filter.RequestContextFilter; SearchStrategy: all) did not find any beans (OnBeanCondition)

   WebMvcAutoConfiguration.WebMvcAutoConfigurationAdapter#viewResolver matched:
      - @ConditionalOnBean (types: org.springframework.web.servlet.ViewResolver; SearchStrategy: all) found beans 'defaultViewResolver', 'beanNameViewResolver', 'mvcViewResolver'; @ConditionalOnMissingBean (names: viewResolver types: org.springframework.web.servlet.view.ContentNegotiatingViewResolver; SearchStrategy: all) did not find any beans (OnBeanCondition)

   WebSocketServletAutoConfiguration matched:
      - @ConditionalOnClass found required classes 'jakarta.servlet.Servlet', 'jakarta.websocket.server.ServerContainer' (OnClassCondition)
      - found 'session' scope (OnWebApplicationCondition)

   WebSocketServletAutoConfiguration.TomcatWebSocketConfiguration matched:
      - @ConditionalOnClass found required classes 'org.apache.catalina.startup.Tomcat', 'org.apache.tomcat.websocket.server.WsSci' (OnClassCondition)

   WebSocketServletAutoConfiguration.TomcatWebSocketConfiguration#websocketServletWebServerCustomizer matched:
      - @ConditionalOnMissingBean (names: websocketServletWebServerCustomizer; SearchStrategy: all) did not find any beans (OnBeanCondition)


Negative matches:
-----------------

   ActiveMQAutoConfiguration:
      Did not match:
         - @ConditionalOnClass did not find required class 'jakarta.jms.ConnectionFactory' (OnClassCondition)

   AopAutoConfiguration.AspectJAutoProxyingConfiguration:
      Did not match:
         - @ConditionalOnClass did not find required class 'org.aspectj.weaver.Advice' (OnClassCondition)

   ArtemisAutoConfiguration:
      Did not match:
         - @ConditionalOnClass did not find required class 'jakarta.jms.ConnectionFactory' (OnClassCondition)

   BatchAutoConfiguration:
      Did not match:
         - @ConditionalOnClass did not find required class 'org.springframework.batch.core.launch.JobLauncher' (OnClassCondition)

   Cache2kCacheConfiguration:
      Did not match:
         - @ConditionalOnClass did not find required class 'org.cache2k.Cache2kBuilder' (OnClassCondition)

   CacheAutoConfiguration:
      Did not match:
         - @ConditionalOnBean (types: org.springframework.cache.interceptor.CacheAspectSupport; SearchStrategy: all) did not find any beans of type org.springframework.cache.interceptor.CacheAspectSupport (OnBeanCondition)
      Matched:
         - @ConditionalOnClass found required class 'org.springframework.cache.CacheManager' (OnClassCondition)

   CacheAutoConfiguration.CacheManagerEntityManagerFactoryDependsOnPostProcessor:
      Did not match:
         - @ConditionalOnClass did not find required class 'org.springframework.orm.jpa.LocalContainerEntityManagerFactoryBean' (OnClassCondition)
         - Ancestor org.springframework.boot.autoconfigure.cache.CacheAutoConfiguration did not match (ConditionEvaluationReport.AncestorsMatchedCondition)

   CaffeineCacheConfiguration:
      Did not match:
         - @ConditionalOnClass did not find required class 'com.github.benmanes.caffeine.cache.Caffeine' (OnClassCondition)

   CassandraAutoConfiguration:
      Did not match:
         - @ConditionalOnClass did not find required class 'com.datastax.oss.driver.api.core.CqlSession' (OnClassCondition)

   CassandraDataAutoConfiguration:
      Did not match:
         - @ConditionalOnClass did not find required class 'com.datastax.oss.driver.api.core.CqlSession' (OnClassCondition)

   CassandraReactiveDataAutoConfiguration:
      Did not match:
         - @ConditionalOnClass did not find required class 'com.datastax.oss.driver.api.core.CqlSession' (OnClassCondition)

   CassandraReactiveRepositoriesAutoConfiguration:
      Did not match:
         - @ConditionalOnClass did not find required class 'org.springframework.data.cassandra.ReactiveSession' (OnClassCondition)

   CassandraRepositoriesAutoConfiguration:
      Did not match:
         - @ConditionalOnClass did not find required class 'com.datastax.oss.driver.api.core.CqlSession' (OnClassCondition)

   org.springframework.boot.autoconfigure.http.client.reactive.ClientHttpConnectorAutoConfiguration:
      Did not match:
         - @ConditionalOnClass did not find required class 'reactor.core.publisher.Mono' (OnClassCondition)

   org.springframework.boot.autoconfigure.web.reactive.function.client.ClientHttpConnectorAutoConfiguration:
      Did not match:
         - @ConditionalOnClass did not find required class 'org.springframework.web.reactive.function.client.WebClient' (OnClassCondition)

   CodecsAutoConfiguration:
      Did not match:
         - @ConditionalOnClass did not find required class 'org.springframework.web.reactive.function.client.WebClient' (OnClassCondition)

   CouchbaseAutoConfiguration:
      Did not match:
         - @ConditionalOnClass did not find required class 'com.couchbase.client.java.Cluster' (OnClassCondition)

   CouchbaseCacheConfiguration:
      Did not match:
         - @ConditionalOnClass did not find required class 'com.couchbase.client.java.Cluster' (OnClassCondition)

   CouchbaseDataAutoConfiguration:
      Did not match:
         - @ConditionalOnClass did not find required class 'com.couchbase.client.java.Bucket' (OnClassCondition)

   CouchbaseReactiveDataAutoConfiguration:
      Did not match:
         - @ConditionalOnClass did not find required class 'com.couchbase.client.java.Cluster' (OnClassCondition)

   CouchbaseReactiveRepositoriesAutoConfiguration:
      Did not match:
         - @ConditionalOnClass did not find required class 'com.couchbase.client.java.Cluster' (OnClassCondition)

   CouchbaseRepositoriesAutoConfiguration:
      Did not match:
         - @ConditionalOnClass did not find required class 'com.couchbase.client.java.Bucket' (OnClassCondition)

   DataSourceAutoConfiguration:
      Did not match:
         - @ConditionalOnClass did not find required class 'org.springframework.jdbc.datasource.embedded.EmbeddedDatabaseType' (OnClassCondition)

   DataSourceInitializationConfiguration:
      Did not match:
         - @ConditionalOnClass did not find required class 'org.springframework.jdbc.datasource.init.DatabasePopulator' (OnClassCondition)

   DataSourceTransactionManagerAutoConfiguration:
      Did not match:
         - @ConditionalOnClass did not find required class 'org.springframework.jdbc.core.JdbcTemplate' (OnClassCondition)

   DispatcherServletAutoConfiguration.DispatcherServletConfiguration#multipartResolver:
      Did not match:
         - @ConditionalOnBean (types: org.springframework.web.multipart.MultipartResolver; SearchStrategy: all) did not find any beans of type org.springframework.web.multipart.MultipartResolver (OnBeanCondition)

   ElasticsearchClientAutoConfiguration:
      Did not match:
         - @ConditionalOnClass did not find required class 'co.elastic.clients.elasticsearch.ElasticsearchClient' (OnClassCondition)

   ElasticsearchDataAutoConfiguration:
      Did not match:
         - @ConditionalOnClass did not find required class 'org.springframework.data.elasticsearch.client.elc.ElasticsearchTemplate' (OnClassCondition)

   ElasticsearchRepositoriesAutoConfiguration:
      Did not match:
         - @ConditionalOnClass did not find required class 'org.springframework.data.elasticsearch.repository.ElasticsearchRepository' (OnClassCondition)

   ElasticsearchRestClientAutoConfiguration:
      Did not match:
         - @ConditionalOnClass did not find required class 'org.elasticsearch.client.RestClientBuilder' (OnClassCondition)

   EmbeddedLdapAutoConfiguration:
      Did not match:
         - @ConditionalOnClass did not find required class 'com.unboundid.ldap.listener.InMemoryDirectoryServer' (OnClassCondition)

   EmbeddedWebServerFactoryCustomizerAutoConfiguration:
      Did not match:
         - Application is deployed as a WAR file. (OnWarDeploymentCondition)
      Matched:
         - @ConditionalOnWebApplication (required) found 'session' scope (OnWebApplicationCondition)

   ErrorWebFluxAutoConfiguration:
      Did not match:
         - @ConditionalOnClass did not find required class 'org.springframework.web.reactive.config.WebFluxConfigurer' (OnClassCondition)

   FlywayAutoConfiguration:
      Did not match:
         - @ConditionalOnClass did not find required class 'org.flywaydb.core.Flyway' (OnClassCondition)

   FreeMarkerAutoConfiguration:
      Did not match:
         - @ConditionalOnClass did not find required class 'freemarker.template.Configuration' (OnClassCondition)

   GraphQlAutoConfiguration:
      Did not match:
         - @ConditionalOnClass did not find required class 'graphql.GraphQL' (OnClassCondition)

   GraphQlQueryByExampleAutoConfiguration:
      Did not match:
         - @ConditionalOnClass did not find required class 'graphql.GraphQL' (OnClassCondition)

   GraphQlQuerydslAutoConfiguration:
      Did not match:
         - @ConditionalOnClass did not find required class 'com.querydsl.core.Query' (OnClassCondition)

   GraphQlRSocketAutoConfiguration:
      Did not match:
         - @ConditionalOnClass did not find required class 'graphql.GraphQL' (OnClassCondition)

   GraphQlReactiveQueryByExampleAutoConfiguration:
      Did not match:
         - @ConditionalOnClass did not find required class 'graphql.GraphQL' (OnClassCondition)

   GraphQlReactiveQuerydslAutoConfiguration:
      Did not match:
         - @ConditionalOnClass did not find required class 'com.querydsl.core.Query' (OnClassCondition)

   GraphQlWebFluxAutoConfiguration:
      Did not match:
         - @ConditionalOnClass did not find required class 'graphql.GraphQL' (OnClassCondition)

   GraphQlWebFluxSecurityAutoConfiguration:
      Did not match:
         - @ConditionalOnClass did not find required class 'graphql.GraphQL' (OnClassCondition)

   GraphQlWebMvcAutoConfiguration:
      Did not match:
         - @ConditionalOnClass did not find required class 'graphql.GraphQL' (OnClassCondition)

   GraphQlWebMvcSecurityAutoConfiguration:
      Did not match:
         - @ConditionalOnClass did not find required class 'graphql.GraphQL' (OnClassCondition)

   GroovyTemplateAutoConfiguration:
      Did not match:
         - @ConditionalOnClass did not find required class 'groovy.text.markup.MarkupTemplateEngine' (OnClassCondition)

   GsonAutoConfiguration:
      Did not match:
         - @ConditionalOnClass did not find required class 'com.google.gson.Gson' (OnClassCondition)

   GsonHttpMessageConvertersConfiguration:
      Did not match:
         - @ConditionalOnClass did not find required class 'com.google.gson.Gson' (OnClassCondition)

   H2ConsoleAutoConfiguration:
      Did not match:
         - @ConditionalOnClass did not find required class 'org.h2.server.web.JakartaWebServlet' (OnClassCondition)

   HazelcastAutoConfiguration:
      Did not match:
         - @ConditionalOnClass did not find required class 'com.hazelcast.core.HazelcastInstance' (OnClassCondition)

   HazelcastCacheConfiguration:
      Did not match:
         - @ConditionalOnClass did not find required class 'com.hazelcast.core.HazelcastInstance' (OnClassCondition)

   HazelcastJpaDependencyAutoConfiguration:
      Did not match:
         - @ConditionalOnClass did not find required class 'com.hazelcast.core.HazelcastInstance' (OnClassCondition)

   HibernateJpaAutoConfiguration:
      Did not match:
         - @ConditionalOnClass did not find required class 'jakarta.persistence.EntityManager' (OnClassCondition)

   HttpHandlerAutoConfiguration:
      Did not match:
         - @ConditionalOnClass did not find required class 'org.springframework.web.reactive.DispatcherHandler' (OnClassCondition)

   HypermediaAutoConfiguration:
      Did not match:
         - @ConditionalOnClass did not find required class 'org.springframework.hateoas.EntityModel' (OnClassCondition)

   InfinispanCacheConfiguration:
      Did not match:
         - @ConditionalOnClass did not find required class 'org.infinispan.spring.embedded.provider.SpringEmbeddedCacheManager' (OnClassCondition)

   IntegrationAutoConfiguration:
      Did not match:
         - @ConditionalOnClass did not find required class 'org.springframework.integration.config.EnableIntegration' (OnClassCondition)

   JCacheCacheConfiguration:
      Did not match:
         - @ConditionalOnClass did not find required class 'javax.cache.Caching' (OnClassCondition)

   JacksonHttpMessageConvertersConfiguration.MappingJackson2XmlHttpMessageConverterConfiguration:
      Did not match:
         - @ConditionalOnClass did not find required class 'com.fasterxml.jackson.dataformat.xml.XmlMapper' (OnClassCondition)

   JdbcClientAutoConfiguration:
      Did not match:
         - @ConditionalOnSingleCandidate did not find required type 'org.springframework.jdbc.core.namedparam.NamedParameterJdbcTemplate' (OnBeanCondition)

   JdbcRepositoriesAutoConfiguration:
      Did not match:
         - @ConditionalOnClass did not find required class 'org.springframework.data.jdbc.repository.config.AbstractJdbcConfiguration' (OnClassCondition)

   JdbcTemplateAutoConfiguration:
      Did not match:
         - @ConditionalOnClass did not find required class 'org.springframework.jdbc.core.JdbcTemplate' (OnClassCondition)

   JerseyAutoConfiguration:
      Did not match:
         - @ConditionalOnClass did not find required class 'org.glassfish.jersey.server.spring.SpringComponentProvider' (OnClassCondition)

   JmsAutoConfiguration:
      Did not match:
         - @ConditionalOnClass did not find required class 'jakarta.jms.Message' (OnClassCondition)

   JmxAutoConfiguration:
      Did not match:
         - @ConditionalOnBooleanProperty (spring.jmx.enabled=true) found different value in property 'spring.jmx.enabled' (OnPropertyCondition)
      Matched:
         - @ConditionalOnClass found required class 'org.springframework.jmx.export.MBeanExporter' (OnClassCondition)

   JndiConnectionFactoryAutoConfiguration:
      Did not match:
         - @ConditionalOnClass did not find required class 'org.springframework.jms.core.JmsTemplate' (OnClassCondition)

   JndiDataSourceAutoConfiguration:
      Did not match:
         - @ConditionalOnClass did not find required class 'org.springframework.jdbc.datasource.embedded.EmbeddedDatabaseType' (OnClassCondition)

   JooqAutoConfiguration:
      Did not match:
         - @ConditionalOnClass did not find required class 'org.jooq.DSLContext' (OnClassCondition)

   JpaRepositoriesAutoConfiguration:
      Did not match:
         - @ConditionalOnClass did not find required class 'org.springframework.data.jpa.repository.JpaRepository' (OnClassCondition)

   JsonbAutoConfiguration:
      Did not match:
         - @ConditionalOnClass did not find required class 'jakarta.json.bind.Jsonb' (OnClassCondition)

   JsonbHttpMessageConvertersConfiguration:
      Did not match:
         - @ConditionalOnClass did not find required class 'jakarta.json.bind.Jsonb' (OnClassCondition)

   JtaAutoConfiguration:
      Did not match:
         - @ConditionalOnClass did not find required class 'jakarta.transaction.Transaction' (OnClassCondition)

   KafkaAutoConfiguration:
      Did not match:
         - @ConditionalOnClass did not find required class 'org.springframework.kafka.core.KafkaTemplate' (OnClassCondition)

   LdapAutoConfiguration:
      Did not match:
         - @ConditionalOnClass did not find required class 'org.springframework.ldap.core.ContextSource' (OnClassCondition)

   LdapRepositoriesAutoConfiguration:
      Did not match:
         - @ConditionalOnClass did not find required class 'org.springframework.data.ldap.repository.LdapRepository' (OnClassCondition)

   LiquibaseAutoConfiguration:
      Did not match:
         - @ConditionalOnClass did not find required class 'liquibase.change.DatabaseChange' (OnClassCondition)

   MailSenderAutoConfiguration:
      Did not match:
         - @ConditionalOnClass did not find required class 'jakarta.mail.internet.MimeMessage' (OnClassCondition)

   MailSenderValidatorAutoConfiguration:
      Did not match:
         - @ConditionalOnSingleCandidate did not find required type 'org.springframework.mail.javamail.JavaMailSenderImpl' (OnBeanCondition)

   MessageSourceAutoConfiguration:
      Did not match:
         - ResourceBundle did not find bundle with basename messages (MessageSourceAutoConfiguration.ResourceBundleCondition)

   MongoAutoConfiguration:
      Did not match:
         - @ConditionalOnClass did not find required class 'com.mongodb.client.MongoClient' (OnClassCondition)

   MongoDataAutoConfiguration:
      Did not match:
         - @ConditionalOnClass did not find required class 'com.mongodb.client.MongoClient' (OnClassCondition)

   MongoReactiveAutoConfiguration:
      Did not match:
         - @ConditionalOnClass did not find required class 'com.mongodb.reactivestreams.client.MongoClient' (OnClassCondition)

   MongoReactiveDataAutoConfiguration:
      Did not match:
         - @ConditionalOnClass did not find required class 'com.mongodb.reactivestreams.client.MongoClient' (OnClassCondition)

   MongoReactiveRepositoriesAutoConfiguration:
      Did not match:
         - @ConditionalOnClass did not find required class 'com.mongodb.reactivestreams.client.MongoClient' (OnClassCondition)

   MongoRepositoriesAutoConfiguration:
      Did not match:
         - @ConditionalOnClass did not find required class 'com.mongodb.client.MongoClient' (OnClassCondition)

   MustacheAutoConfiguration:
      Did not match:
         - @ConditionalOnClass did not find required class 'com.samskivert.mustache.Mustache' (OnClassCondition)

   Neo4jAutoConfiguration:
      Did not match:
         - @ConditionalOnClass did not find required class 'org.neo4j.driver.Driver' (OnClassCondition)

   Neo4jDataAutoConfiguration:
      Did not match:
         - @ConditionalOnClass did not find required class 'org.neo4j.driver.Driver' (OnClassCondition)

   Neo4jReactiveDataAutoConfiguration:
      Did not match:
         - @ConditionalOnClass did not find required class 'org.neo4j.driver.Driver' (OnClassCondition)

   Neo4jReactiveRepositoriesAutoConfiguration:
      Did not match:
         - @ConditionalOnClass did not find required class 'org.neo4j.driver.Driver' (OnClassCondition)

   Neo4jRepositoriesAutoConfiguration:
      Did not match:
         - @ConditionalOnClass did not find required class 'org.neo4j.driver.Driver' (OnClassCondition)

   NettyAutoConfiguration:
      Did not match:
         - @ConditionalOnClass did not find required class 'io.netty.util.NettyRuntime' (OnClassCondition)

   OAuth2AuthorizationServerAutoConfiguration:
      Did not match:
         - @ConditionalOnClass did not find required class 'org.springframework.security.oauth2.server.authorization.OAuth2Authorization' (OnClassCondition)

   OAuth2AuthorizationServerJwtAutoConfiguration:
      Did not match:
         - @ConditionalOnClass did not find required class 'com.nimbusds.jose.jwk.source.JWKSource' (OnClassCondition)

   OAuth2ClientAutoConfiguration:
      Did not match:
         - @ConditionalOnClass did not find required class 'org.springframework.security.oauth2.client.registration.ClientRegistration' (OnClassCondition)

   OAuth2ClientWebSecurityAutoConfiguration:
      Did not match:
         - @ConditionalOnClass did not find required class 'org.springframework.security.config.annotation.web.configuration.EnableWebSecurity' (OnClassCondition)

   OAuth2ResourceServerAutoConfiguration:
      Did not match:
         - @ConditionalOnClass did not find required class 'org.springframework.security.oauth2.server.resource.authentication.BearerTokenAuthenticationToken' (OnClassCondition)

   PersistenceExceptionTranslationAutoConfiguration:
      Did not match:
         - @ConditionalOnClass did not find required class 'org.springframework.dao.annotation.PersistenceExceptionTranslationPostProcessor' (OnClassCondition)

   ProjectInfoAutoConfiguration#buildProperties:
      Did not match:
         - @ConditionalOnResource did not find resource '${spring.info.build.location:classpath:META-INF/build-info.properties}' (OnResourceCondition)

   ProjectInfoAutoConfiguration#gitProperties:
      Did not match:
         - GitResource did not find git info at classpath:git.properties (ProjectInfoAutoConfiguration.GitResourceAvailableCondition)

   PulsarAutoConfiguration:
      Did not match:
         - @ConditionalOnClass did not find required class 'org.apache.pulsar.client.api.PulsarClient' (OnClassCondition)

   PulsarReactiveAutoConfiguration:
      Did not match:
         - @ConditionalOnClass did not find required class 'org.apache.pulsar.client.api.PulsarClient' (OnClassCondition)

   QuartzAutoConfiguration:
      Did not match:
         - @ConditionalOnClass did not find required class 'org.quartz.Scheduler' (OnClassCondition)

   R2dbcAutoConfiguration:
      Did not match:
         - @ConditionalOnClass did not find required class 'io.r2dbc.spi.ConnectionFactory' (OnClassCondition)

   R2dbcDataAutoConfiguration:
      Did not match:
         - @ConditionalOnClass did not find required class 'org.springframework.data.r2dbc.core.R2dbcEntityTemplate' (OnClassCondition)

   R2dbcInitializationConfiguration:
      Did not match:
         - @ConditionalOnClass did not find required classes 'io.r2dbc.spi.ConnectionFactory', 'org.springframework.r2dbc.connection.init.DatabasePopulator' (OnClassCondition)

   R2dbcProxyAutoConfiguration:
      Did not match:
         - @ConditionalOnClass did not find required class 'io.r2dbc.proxy.ProxyConnectionFactory' (OnClassCondition)

   R2dbcRepositoriesAutoConfiguration:
      Did not match:
         - @ConditionalOnClass did not find required class 'io.r2dbc.spi.ConnectionFactory' (OnClassCondition)

   R2dbcTransactionManagerAutoConfiguration:
      Did not match:
         - @ConditionalOnClass did not find required class 'org.springframework.r2dbc.connection.R2dbcTransactionManager' (OnClassCondition)

   RSocketGraphQlClientAutoConfiguration:
      Did not match:
         - @ConditionalOnClass did not find required class 'graphql.GraphQL' (OnClassCondition)

   RSocketMessagingAutoConfiguration:
      Did not match:
         - @ConditionalOnClass did not find required class 'io.rsocket.RSocket' (OnClassCondition)

   RSocketRequesterAutoConfiguration:
      Did not match:
         - @ConditionalOnClass did not find required class 'io.rsocket.RSocket' (OnClassCondition)

   RSocketSecurityAutoConfiguration:
      Did not match:
         - @ConditionalOnClass did not find required class 'org.springframework.security.rsocket.core.SecuritySocketAcceptorInterceptor' (OnClassCondition)

   RSocketServerAutoConfiguration:
      Did not match:
         - @ConditionalOnClass did not find required class 'io.rsocket.core.RSocketServer' (OnClassCondition)

   RSocketStrategiesAutoConfiguration:
      Did not match:
         - @ConditionalOnClass did not find required class 'io.netty.buffer.PooledByteBufAllocator' (OnClassCondition)

   RabbitAutoConfiguration:
      Did not match:
         - @ConditionalOnClass did not find required class 'com.rabbitmq.client.Channel' (OnClassCondition)

   ReactiveElasticsearchClientAutoConfiguration:
      Did not match:
         - @ConditionalOnClass did not find required class 'co.elastic.clients.transport.ElasticsearchTransport' (OnClassCondition)

   ReactiveElasticsearchRepositoriesAutoConfiguration:
      Did not match:
         - @ConditionalOnClass did not find required class 'reactor.core.publisher.Mono' (OnClassCondition)

   ReactiveMultipartAutoConfiguration:
      Did not match:
         - @ConditionalOnClass did not find required class 'org.springframework.web.reactive.config.WebFluxConfigurer' (OnClassCondition)

   ReactiveOAuth2ClientAutoConfiguration:
      Did not match:
         - @ConditionalOnClass did not find required class 'reactor.core.publisher.Flux' (OnClassCondition)

   ReactiveOAuth2ClientWebSecurityAutoConfiguration:
      Did not match:
         - @ConditionalOnClass did not find required class 'reactor.core.publisher.Flux' (OnClassCondition)

   ReactiveOAuth2ResourceServerAutoConfiguration:
      Did not match:
         - @ConditionalOnClass did not find required class 'org.springframework.security.config.annotation.web.reactive.EnableWebFluxSecurity' (OnClassCondition)

   ReactiveSecurityAutoConfiguration:
      Did not match:
         - @ConditionalOnClass did not find required class 'reactor.core.publisher.Flux' (OnClassCondition)

   ReactiveUserDetailsServiceAutoConfiguration:
      Did not match:
         - @ConditionalOnClass did not find required class 'org.springframework.security.authentication.ReactiveAuthenticationManager' (OnClassCondition)

   ReactiveWebServerFactoryAutoConfiguration:
      Did not match:
         - @ConditionalOnWebApplication did not find reactive web application classes (OnWebApplicationCondition)

   ReactorAutoConfiguration:
      Did not match:
         - @ConditionalOnClass did not find required class 'reactor.core.publisher.Hooks' (OnClassCondition)

   RedisAutoConfiguration:
      Did not match:
         - @ConditionalOnClass did not find required class 'org.springframework.data.redis.core.RedisOperations' (OnClassCondition)

   RedisCacheConfiguration:
      Did not match:
         - @ConditionalOnClass did not find required class 'org.springframework.data.redis.connection.RedisConnectionFactory' (OnClassCondition)

   RedisReactiveAutoConfiguration:
      Did not match:
         - @ConditionalOnClass did not find required class 'reactor.core.publisher.Flux' (OnClassCondition)

   RedisRepositoriesAutoConfiguration:
      Did not match:
         - @ConditionalOnClass did not find required class 'org.springframework.data.redis.repository.configuration.EnableRedisRepositories' (OnClassCondition)

   RepositoryRestMvcAutoConfiguration:
      Did not match:
         - @ConditionalOnClass did not find required class 'org.springframework.data.rest.webmvc.config.RepositoryRestMvcConfiguration' (OnClassCondition)

   Saml2RelyingPartyAutoConfiguration:
      Did not match:
         - @ConditionalOnClass did not find required class 'org.springframework.security.saml2.provider.service.registration.RelyingPartyRegistrationRepository' (OnClassCondition)

   SecurityAutoConfiguration:
      Did not match:
         - @ConditionalOnClass did not find required class 'org.springframework.security.authentication.DefaultAuthenticationEventPublisher' (OnClassCondition)

   SecurityFilterAutoConfiguration:
      Did not match:
         - @ConditionalOnClass did not find required class 'org.springframework.security.config.http.SessionCreationPolicy' (OnClassCondition)

   SendGridAutoConfiguration:
      Did not match:
         - @ConditionalOnClass did not find required class 'com.sendgrid.SendGrid' (OnClassCondition)

   ServletWebServerFactoryAutoConfiguration.ForwardedHeaderFilterConfiguration:
      Did not match:
         - @ConditionalOnProperty (server.forward-headers-strategy=framework) did not find property 'server.forward-headers-strategy' (OnPropertyCondition)

   ServletWebServerFactoryConfiguration.EmbeddedJetty:
      Did not match:
         - @ConditionalOnClass did not find required classes 'org.eclipse.jetty.server.Server', 'org.eclipse.jetty.util.Loader', 'org.eclipse.jetty.ee10.webapp.WebAppContext' (OnClassCondition)

   ServletWebServerFactoryConfiguration.EmbeddedUndertow:
      Did not match:
         - @ConditionalOnClass did not find required classes 'io.undertow.Undertow', 'org.xnio.SslClientAuthMode' (OnClassCondition)

   SessionAutoConfiguration:
      Did not match:
         - @ConditionalOnClass did not find required class 'org.springframework.session.Session' (OnClassCondition)

   SpringApplicationAdminJmxAutoConfiguration:
      Did not match:
         - @ConditionalOnBooleanProperty (spring.application.admin.enabled=true) did not find property 'spring.application.admin.enabled' (OnPropertyCondition)

   SpringDataWebAutoConfiguration:
      Did not match:
         - @ConditionalOnClass did not find required class 'org.springframework.data.web.PageableHandlerMethodArgumentResolver' (OnClassCondition)

   TaskExecutorConfigurations.SimpleAsyncTaskExecutorBuilderConfiguration#simpleAsyncTaskExecutorBuilderVirtualThreads:
      Did not match:
         - @ConditionalOnMissingBean (types: org.springframework.boot.task.SimpleAsyncTaskExecutorBuilder; SearchStrategy: all) found beans of type 'org.springframework.boot.task.SimpleAsyncTaskExecutorBuilder' simpleAsyncTaskExecutorBuilder (OnBeanCondition)

   TaskExecutorConfigurations.TaskExecutorConfiguration#applicationTaskExecutorVirtualThreads:
      Did not match:
         - @ConditionalOnThreading did not find VIRTUAL (OnThreadingCondition)

   TaskSchedulingAutoConfiguration#scheduledBeanLazyInitializationExcludeFilter:
      Did not match:
         - @ConditionalOnBean (names: org.springframework.context.annotation.internalScheduledAnnotationProcessor; SearchStrategy: all) did not find any beans named org.springframework.context.annotation.internalScheduledAnnotationProcessor (OnBeanCondition)

   TaskSchedulingConfigurations.SimpleAsyncTaskSchedulerBuilderConfiguration#simpleAsyncTaskSchedulerBuilderVirtualThreads:
      Did not match:
         - @ConditionalOnMissingBean (types: org.springframework.boot.task.SimpleAsyncTaskSchedulerBuilder; SearchStrategy: all) found beans of type 'org.springframework.boot.task.SimpleAsyncTaskSchedulerBuilder' simpleAsyncTaskSchedulerBuilder (OnBeanCondition)

   TaskSchedulingConfigurations.TaskSchedulerConfiguration:
      Did not match:
         - @ConditionalOnBean (names: org.springframework.context.annotation.internalScheduledAnnotationProcessor; SearchStrategy: all) did not find any beans named org.springframework.context.annotation.internalScheduledAnnotationProcessor (OnBeanCondition)

   ThymeleafAutoConfiguration:
      Did not match:
         - @ConditionalOnClass did not find required class 'org.thymeleaf.spring6.SpringTemplateEngine' (OnClassCondition)

   TransactionAutoConfiguration:
      Did not match:
         - @ConditionalOnClass did not find required class 'org.springframework.transaction.PlatformTransactionManager' (OnClassCondition)

   TransactionManagerCustomizationAutoConfiguration:
      Did not match:
         - @ConditionalOnClass did not find required class 'org.springframework.transaction.PlatformTransactionManager' (OnClassCondition)

   UserDetailsServiceAutoConfiguration:
      Did not match:
         - @ConditionalOnClass did not find required class 'org.springframework.security.authentication.AuthenticationManager' (OnClassCondition)

   ValidationAutoConfiguration:
      Did not match:
         - @ConditionalOnClass did not find required class 'jakarta.validation.executable.ExecutableValidator' (OnClassCondition)

   WebClientAutoConfiguration:
      Did not match:
         - @ConditionalOnClass did not find required class 'org.springframework.web.reactive.function.client.WebClient' (OnClassCondition)

   WebFluxAutoConfiguration:
      Did not match:
         - @ConditionalOnClass did not find required class 'org.springframework.web.reactive.config.WebFluxConfigurer' (OnClassCondition)

   WebMvcAutoConfiguration#hiddenHttpMethodFilter:
      Did not match:
         - @ConditionalOnBooleanProperty (spring.mvc.hiddenmethod.filter.enabled=true) did not find property 'spring.mvc.hiddenmethod.filter.enabled' (OnPropertyCondition)

   WebMvcAutoConfiguration.ProblemDetailsErrorHandlingConfiguration:
      Did not match:
         - @ConditionalOnBooleanProperty (spring.mvc.problemdetails.enabled=true) did not find property 'spring.mvc.problemdetails.enabled' (OnPropertyCondition)

   WebMvcAutoConfiguration.ResourceChainCustomizerConfiguration:
      Did not match:
         - @ConditionalOnEnabledResourceChain did not find class org.webjars.WebJarVersionLocator (OnEnabledResourceChainCondition)

   WebMvcAutoConfiguration.WebMvcAutoConfigurationAdapter#beanNameViewResolver:
      Did not match:
         - @ConditionalOnMissingBean (types: org.springframework.web.servlet.view.BeanNameViewResolver; SearchStrategy: all) found beans of type 'org.springframework.web.servlet.view.BeanNameViewResolver' beanNameViewResolver (OnBeanCondition)

   WebServiceTemplateAutoConfiguration:
      Did not match:
         - @ConditionalOnClass did not find required class 'org.springframework.oxm.Marshaller' (OnClassCondition)

   WebServicesAutoConfiguration:
      Did not match:
         - @ConditionalOnClass did not find required class 'org.springframework.ws.transport.http.MessageDispatcherServlet' (OnClassCondition)

   WebSessionIdResolverAutoConfiguration:
      Did not match:
         - @ConditionalOnClass did not find required class 'reactor.core.publisher.Mono' (OnClassCondition)

   WebSocketMessagingAutoConfiguration:
      Did not match:
         - @ConditionalOnClass did not find required class 'org.springframework.web.socket.config.annotation.WebSocketMessageBrokerConfigurer' (OnClassCondition)

   WebSocketReactiveAutoConfiguration:
      Did not match:
         - @ConditionalOnWebApplication did not find reactive web application classes (OnWebApplicationCondition)

   WebSocketServletAutoConfiguration.JettyWebSocketConfiguration:
      Did not match:
         - @ConditionalOnClass did not find required class 'org.eclipse.jetty.ee10.websocket.jakarta.server.config.JakartaWebSocketServletContainerInitializer' (OnClassCondition)

   WebSocketServletAutoConfiguration.UndertowWebSocketConfiguration:
      Did not match:
         - @ConditionalOnClass did not find required class 'io.undertow.websockets.jsr.Bootstrap' (OnClassCondition)

   XADataSourceAutoConfiguration:
      Did not match:
         - @ConditionalOnClass did not find required class 'jakarta.transaction.TransactionManager' (OnClassCondition)


Exclusions:
-----------

    None


Unconditional classes:
----------------------

    org.springframework.boot.autoconfigure.context.ConfigurationPropertiesAutoConfiguration

    org.springframework.boot.autoconfigure.ssl.SslAutoConfiguration

    org.springframework.boot.autoconfigure.context.LifecycleAutoConfiguration

    org.springframework.boot.autoconfigure.context.PropertyPlaceholderAutoConfiguration

    org.springframework.boot.autoconfigure.availability.ApplicationAvailabilityAutoConfiguration

    org.springframework.boot.autoconfigure.info.ProjectInfoAutoConfiguration



2025-08-19 11:04:41.385 [main] INFO  c.p.d.DummyServletApplicationTests - [logStarted] Started DummyServletApplicationTests in 3.239 seconds (process running for 5.582)
2025-08-19 11:04:41.393 [main] DEBUG o.s.b.a.ApplicationAvailabilityBean - [onApplicationEvent] Application availability state LivenessState changed to CORRECT
2025-08-19 11:04:41.409 [main] DEBUG o.s.b.a.ApplicationAvailabilityBean - [onApplicationEvent] Application availability state ReadinessState changed to ACCEPTING_TRAFFIC
2025-08-19 11:04:41.414 [main] DEBUG o.springframework.test.context.cache - [logStatistics] Spring test ApplicationContext cache statistics: [DefaultContextCache@3a401749 size = 1, maxSize = 32, parentContextCount = 0, hitCount = 0, missCount = 1, failureCount = 0]
2025-08-19 11:04:41.419 [main] DEBUG o.s.t.c.w.ServletTestExecutionListener - [setUpRequestContextIfNecessary] Setting up MockHttpServletRequest, MockHttpServletResponse, ServletWebRequest, and RequestContextHolder for test class com.pinnacle.dummyServlet.DummyServletApplicationTests
2025-08-19 11:04:41.451 [main] DEBUG o.s.t.c.s.DependencyInjectionTestExecutionListener - [prepareTestInstance] Performing dependency injection for test class com.pinnacle.dummyServlet.DummyServletApplicationTests
2025-08-19 11:04:41.452 [main] DEBUG o.springframework.test.context.cache - [logStatistics] Spring test ApplicationContext cache statistics: [DefaultContextCache@3a401749 size = 1, maxSize = 32, parentContextCount = 0, hitCount = 1, missCount = 1, failureCount = 0]
2025-08-19 11:04:41.453 [main] DEBUG o.springframework.test.context.cache - [logStatistics] Spring test ApplicationContext cache statistics: [DefaultContextCache@3a401749 size = 1, maxSize = 32, parentContextCount = 0, hitCount = 2, missCount = 1, failureCount = 0]
2025-08-19 11:04:41.471 [main] DEBUG o.s.t.c.s.DirtiesContextBeforeModesTestExecutionListener - [beforeOrAfterTestMethod] Before test method: class [DummyServletApplicationTests], method [contextLoads], class annotated with @DirtiesContext [false] with mode [null], method annotated with @DirtiesContext [false] with mode [null]
2025-08-19 11:04:41.473 [main] DEBUG o.springframework.test.context.cache - [logStatistics] Spring test ApplicationContext cache statistics: [DefaultContextCache@3a401749 size = 1, maxSize = 32, parentContextCount = 0, hitCount = 3, missCount = 1, failureCount = 0]
2025-08-19 11:04:41.474 [main] DEBUG o.springframework.test.context.cache - [logStatistics] Spring test ApplicationContext cache statistics: [DefaultContextCache@3a401749 size = 1, maxSize = 32, parentContextCount = 0, hitCount = 4, missCount = 1, failureCount = 0]
2025-08-19 11:04:42.734 [main] DEBUG o.springframework.test.context.cache - [logStatistics] Spring test ApplicationContext cache statistics: [DefaultContextCache@3a401749 size = 1, maxSize = 32, parentContextCount = 0, hitCount = 5, missCount = 1, failureCount = 0]
2025-08-19 11:04:42.741 [main] DEBUG o.springframework.test.context.cache - [logStatistics] Spring test ApplicationContext cache statistics: [DefaultContextCache@3a401749 size = 1, maxSize = 32, parentContextCount = 0, hitCount = 6, missCount = 1, failureCount = 0]
2025-08-19 11:04:42.753 [main] DEBUG o.springframework.test.context.cache - [logStatistics] Spring test ApplicationContext cache statistics: [DefaultContextCache@3a401749 size = 1, maxSize = 32, parentContextCount = 0, hitCount = 7, missCount = 1, failureCount = 0]
2025-08-19 11:04:42.756 [main] DEBUG o.springframework.test.context.cache - [logStatistics] Spring test ApplicationContext cache statistics: [DefaultContextCache@3a401749 size = 1, maxSize = 32, parentContextCount = 0, hitCount = 8, missCount = 1, failureCount = 0]
2025-08-19 11:04:42.757 [main] DEBUG o.springframework.test.context.cache - [logStatistics] Spring test ApplicationContext cache statistics: [DefaultContextCache@3a401749 size = 1, maxSize = 32, parentContextCount = 0, hitCount = 9, missCount = 1, failureCount = 0]
2025-08-19 11:04:42.758 [main] DEBUG o.springframework.test.context.cache - [logStatistics] Spring test ApplicationContext cache statistics: [DefaultContextCache@3a401749 size = 1, maxSize = 32, parentContextCount = 0, hitCount = 10, missCount = 1, failureCount = 0]
2025-08-19 11:04:42.763 [main] DEBUG o.springframework.test.context.cache - [logStatistics] Spring test ApplicationContext cache statistics: [DefaultContextCache@3a401749 size = 1, maxSize = 32, parentContextCount = 0, hitCount = 11, missCount = 1, failureCount = 0]
2025-08-19 11:04:42.764 [main] DEBUG o.springframework.test.context.cache - [logStatistics] Spring test ApplicationContext cache statistics: [DefaultContextCache@3a401749 size = 1, maxSize = 32, parentContextCount = 0, hitCount = 12, missCount = 1, failureCount = 0]
2025-08-19 11:04:42.766 [main] DEBUG o.springframework.test.context.cache - [logStatistics] Spring test ApplicationContext cache statistics: [DefaultContextCache@3a401749 size = 1, maxSize = 32, parentContextCount = 0, hitCount = 13, missCount = 1, failureCount = 0]
2025-08-19 11:04:42.766 [main] DEBUG o.s.t.c.s.DirtiesContextTestExecutionListener - [beforeOrAfterTestMethod] After test method: class [DummyServletApplicationTests], method [contextLoads], class annotated with @DirtiesContext [false] with mode [null], method annotated with @DirtiesContext [false] with mode [null]
2025-08-19 11:04:42.767 [main] DEBUG o.s.t.c.w.ServletTestExecutionListener - [afterTestMethod] Resetting RequestContextHolder for test class com.pinnacle.dummyServlet.DummyServletApplicationTests
]]></system-out>
    <system-err><![CDATA[Mockito is currently self-attaching to enable the inline-mock-maker. This will no longer work in future releases of the JDK. Please add Mockito as an agent to your build as described in Mockito's documentation: https://javadoc.io/doc/org.mockito/mockito-core/latest/org.mockito/org/mockito/Mockito.html#0.3
WARNING: A Java agent has been loaded dynamically (C:\Users\Naveen_Kumar\.m2\repository\net\bytebuddy\byte-buddy-agent\1.17.6\byte-buddy-agent-1.17.6.jar)
WARNING: If a serviceability tool is in use, please run with -XX:+EnableDynamicAgentLoading to hide this warning
WARNING: If a serviceability tool is not in use, please run with -Djdk.instrument.traceUsage for more information
WARNING: Dynamic loading of agents will be disallowed by default in a future release
]]></system-err>
  </testcase>
</testsuite>